2025-03-02 23:20:20,269 - Time taken to solve the Row Generation DP: 0.00
2025-03-02 23:20:20,275 - Set parameter Username
2025-03-02 23:20:20,289 - Academic license - for non-commercial use only - expires 2025-11-12
2025-03-02 23:20:20,434 - Time taken to generate tsp cache: 0.16
2025-03-02 23:20:20,448 - Time taken to generate new constraints: 0.00
2025-03-02 23:20:20,448 - Time taken to solve the RGSP: 0.01
2025-03-02 23:20:20,474 - Time taken to solve the CG DP: 0.03
2025-03-02 23:20:20,530 - Time taken to generate new constraints: 0.00
2025-03-02 23:20:20,584 - Time taken to generate new constraints: 0.00
2025-03-02 23:20:20,585 - Time taken to solve the RGSP: 0.11
2025-03-02 23:20:20,585 - Time taken to solve the CG DP: 0.00
2025-03-02 23:20:20,585 - Time taken to solve the CGSP: 0.15
2025-03-02 23:20:20,590 - Time taken to generate new constraints: 0.00
2025-03-02 23:20:20,590 - Time taken to solve the RGSP: 0.00
2025-03-02 23:20:20,617 - Time taken to solve the CG DP: 0.03
2025-03-02 23:20:20,664 - Time taken to generate new constraints: 0.00
2025-03-02 23:20:20,720 - Time taken to generate new constraints: 0.00
2025-03-02 23:20:20,720 - Time taken to solve the RGSP: 0.10
2025-03-02 23:20:20,720 - Time taken to solve the CG DP: 0.00
2025-03-02 23:20:20,720 - Time taken to solve the CGSP: 0.13
2025-03-02 23:20:20,723 - Time taken to generate new constraints: 0.00
2025-03-02 23:20:20,723 - Time taken to solve the RGSP: 0.00
2025-03-02 23:20:20,740 - Time taken to solve the CG DP: 0.02
2025-03-02 23:20:20,784 - Time taken to generate new constraints: 0.00
2025-03-02 23:20:20,832 - Time taken to generate new constraints: 0.00
2025-03-02 23:20:20,832 - Time taken to solve the RGSP: 0.09
2025-03-02 23:20:20,833 - Time taken to solve the CG DP: 0.00
2025-03-02 23:20:20,866 - Time taken to generate new constraints: 0.00
2025-03-02 23:20:20,904 - Time taken to generate new constraints: 0.00
2025-03-02 23:20:20,904 - Time taken to solve the RGSP: 0.07
2025-03-02 23:20:20,906 - Time taken to solve the CG DP: 0.00
2025-03-02 23:20:20,906 - Time taken to solve the CGSP: 0.19
2025-03-02 23:20:20,921 - Time taken to generate new constraints: 0.00
2025-03-02 23:20:20,922 - Time taken to solve the RGSP: 0.01
2025-03-02 23:20:20,943 - Time taken to solve the CG DP: 0.02
2025-03-02 23:20:20,992 - Time taken to generate new constraints: 0.00
2025-03-02 23:20:21,047 - Time taken to generate new constraints: 0.00
2025-03-02 23:20:21,047 - Time taken to solve the RGSP: 0.10
2025-03-02 23:20:21,048 - Time taken to solve the CG DP: 0.00
2025-03-02 23:20:21,048 - Time taken to solve the CGSP: 0.14
2025-03-02 23:20:21,051 - Time taken to generate new constraints: 0.00
2025-03-02 23:20:21,051 - Time taken to solve the RGSP: 0.00
2025-03-02 23:20:21,078 - Time taken to solve the CG DP: 0.03
2025-03-02 23:20:21,109 - Time taken to generate new constraints: 0.00
2025-03-02 23:20:21,137 - Time taken to generate new constraints: 0.00
2025-03-02 23:20:21,137 - Time taken to solve the RGSP: 0.06
2025-03-02 23:20:21,138 - Time taken to solve the CG DP: 0.00
2025-03-02 23:20:21,166 - Time taken to generate new constraints: 0.00
2025-03-02 23:20:21,194 - Time taken to generate new constraints: 0.00
2025-03-02 23:20:21,194 - Time taken to solve the RGSP: 0.06
2025-03-02 23:20:21,195 - Time taken to solve the CG DP: 0.00
2025-03-02 23:20:21,195 - Time taken to solve the CGSP: 0.15
2025-03-02 23:20:21,199 - Time taken to generate new constraints: 0.00
2025-03-02 23:20:21,201 - Time taken to solve the RGSP: 0.00
2025-03-02 23:20:21,220 - Time taken to solve the CG DP: 0.02
2025-03-02 23:20:21,268 - Time taken to generate new constraints: 0.00
2025-03-02 23:20:21,312 - Time taken to generate new constraints: 0.00
2025-03-02 23:20:21,312 - Time taken to solve the RGSP: 0.09
2025-03-02 23:20:21,313 - Time taken to solve the CG DP: 0.00
2025-03-02 23:20:21,313 - Time taken to solve the CGSP: 0.12
2025-03-02 23:20:21,315 - Time taken to generate new constraints: 0.00
2025-03-02 23:20:21,315 - Time taken to solve the RGSP: 0.00
2025-03-02 23:20:21,329 - Time taken to solve the CG DP: 0.01
2025-03-02 23:20:21,370 - Time taken to generate new constraints: 0.00
2025-03-02 23:20:21,407 - Time taken to generate new constraints: 0.00
2025-03-02 23:20:21,408 - Time taken to solve the RGSP: 0.08
2025-03-02 23:20:21,408 - Time taken to solve the CG DP: 0.00
2025-03-02 23:20:21,408 - Time taken to solve the CGSP: 0.10
2025-03-02 23:20:21,412 - Time taken to generate new constraints: 0.00
2025-03-02 23:20:21,413 - Time taken to solve the RGSP: 0.00
2025-03-02 23:20:21,432 - Time taken to solve the CG DP: 0.02
2025-03-02 23:20:21,481 - Time taken to generate new constraints: 0.00
2025-03-02 23:20:21,525 - Time taken to generate new constraints: 0.00
2025-03-02 23:20:21,525 - Time taken to solve the RGSP: 0.09
2025-03-02 23:20:21,526 - Time taken to solve the CG DP: 0.00
2025-03-02 23:20:21,526 - Time taken to solve the CGSP: 0.12
2025-03-02 23:20:21,528 - Time taken to generate new constraints: 0.00
2025-03-02 23:20:21,528 - Time taken to solve the RGSP: 0.00
2025-03-02 23:20:21,548 - Time taken to solve the CG DP: 0.02
2025-03-02 23:20:21,588 - Time taken to generate new constraints: 0.00
2025-03-02 23:20:21,630 - Time taken to generate new constraints: 0.00
2025-03-02 23:20:21,630 - Time taken to solve the RGSP: 0.08
2025-03-02 23:20:21,631 - Time taken to solve the CG DP: 0.00
2025-03-02 23:20:21,631 - Time taken to solve the CGSP: 0.10
2025-03-02 23:20:21,635 - Time taken to generate new constraints: 0.00
2025-03-02 23:20:21,635 - Time taken to solve the RGSP: 0.00
2025-03-02 23:20:21,655 - Time taken to solve the CG DP: 0.02
2025-03-02 23:20:21,701 - Time taken to generate new constraints: 0.00
2025-03-02 23:20:21,745 - Time taken to generate new constraints: 0.00
2025-03-02 23:20:21,745 - Time taken to solve the RGSP: 0.09
2025-03-02 23:20:21,746 - Time taken to solve the CG DP: 0.00
2025-03-02 23:20:21,746 - Time taken to solve the CGSP: 0.11
2025-03-02 23:20:21,748 - Time taken to generate new constraints: 0.00
2025-03-02 23:20:21,748 - Time taken to solve the RGSP: 0.00
2025-03-02 23:20:21,762 - Time taken to solve the CG DP: 0.01
2025-03-02 23:20:21,793 - Time taken to generate new constraints: 0.00
2025-03-02 23:20:21,825 - Time taken to generate new constraints: 0.00
2025-03-02 23:20:21,825 - Time taken to solve the RGSP: 0.06
2025-03-02 23:20:21,826 - Time taken to solve the CG DP: 0.00
2025-03-02 23:20:21,826 - Time taken to solve the CGSP: 0.08
2025-03-02 23:20:21,830 - Time taken to generate new constraints: 0.00
2025-03-02 23:20:21,830 - Time taken to solve the RGSP: 0.00
2025-03-02 23:20:21,850 - Time taken to solve the CG DP: 0.02
2025-03-02 23:20:21,894 - Time taken to generate new constraints: 0.00
2025-03-02 23:20:21,938 - Time taken to generate new constraints: 0.00
2025-03-02 23:20:21,938 - Time taken to solve the RGSP: 0.09
2025-03-02 23:20:21,938 - Time taken to solve the CG DP: 0.00
2025-03-02 23:20:21,938 - Time taken to solve the CGSP: 0.11
2025-03-02 23:20:21,941 - Time taken to generate new constraints: 0.00
2025-03-02 23:20:21,941 - Time taken to solve the RGSP: 0.00
2025-03-02 23:20:21,954 - Time taken to solve the CG DP: 0.01
2025-03-02 23:20:21,983 - Time taken to generate new constraints: 0.00
2025-03-02 23:20:22,013 - Time taken to generate new constraints: 0.00
2025-03-02 23:20:22,013 - Time taken to solve the RGSP: 0.06
2025-03-02 23:20:22,014 - Time taken to solve the CG DP: 0.00
2025-03-02 23:20:22,014 - Time taken to solve the CGSP: 0.08
2025-03-02 23:20:22,018 - Time taken to generate new constraints: 0.00
2025-03-02 23:20:22,018 - Time taken to solve the RGSP: 0.00
2025-03-02 23:20:22,036 - Time taken to solve the CG DP: 0.02
2025-03-02 23:20:22,078 - Time taken to generate new constraints: 0.00
2025-03-02 23:20:22,120 - Time taken to generate new constraints: 0.00
2025-03-02 23:20:22,120 - Time taken to solve the RGSP: 0.08
2025-03-02 23:20:22,121 - Time taken to solve the CG DP: 0.00
2025-03-02 23:20:22,121 - Time taken to solve the CGSP: 0.11
2025-03-02 23:20:22,123 - Time taken to generate new constraints: 0.00
2025-03-02 23:20:22,123 - Time taken to solve the RGSP: 0.00
2025-03-02 23:20:22,126 - Time taken to solve the CG DP: 0.00
2025-03-02 23:20:22,145 - Time taken to generate new constraints: 0.00
2025-03-02 23:20:22,145 - Time taken to solve the RGSP: 0.00
2025-03-02 23:20:22,163 - Time taken to solve the CG DP: 0.02
2025-03-02 23:20:22,204 - Time taken to generate new constraints: 0.00
2025-03-02 23:20:22,245 - Time taken to generate new constraints: 0.00
2025-03-02 23:20:22,245 - Time taken to solve the RGSP: 0.08
2025-03-02 23:20:22,245 - Time taken to solve the CG DP: 0.00
2025-03-02 23:20:22,246 - Time taken to solve the CGSP: 0.10
2025-03-02 23:20:22,248 - Time taken to generate new constraints: 0.00
2025-03-02 23:20:22,248 - Time taken to solve the RGSP: 0.00
2025-03-02 23:20:22,261 - Time taken to solve the CG DP: 0.01
2025-03-02 23:20:22,291 - Time taken to generate new constraints: 0.00
2025-03-02 23:20:22,322 - Time taken to generate new constraints: 0.00
2025-03-02 23:20:22,322 - Time taken to solve the RGSP: 0.06
2025-03-02 23:20:22,323 - Time taken to solve the CG DP: 0.00
2025-03-02 23:20:22,323 - Time taken to solve the CGSP: 0.08
2025-03-02 23:20:22,326 - Time taken to generate new constraints: 0.00
2025-03-02 23:20:22,326 - Time taken to solve the RGSP: 0.00
2025-03-02 23:20:22,342 - Time taken to solve the CG DP: 0.02
2025-03-02 23:20:22,383 - Time taken to generate new constraints: 0.00
2025-03-02 23:20:22,425 - Time taken to generate new constraints: 0.00
2025-03-02 23:20:22,425 - Time taken to solve the RGSP: 0.08
2025-03-02 23:20:22,426 - Time taken to solve the CG DP: 0.00
2025-03-02 23:20:22,426 - Time taken to solve the CGSP: 0.10
2025-03-02 23:20:22,428 - Time taken to generate new constraints: 0.00
2025-03-02 23:20:22,428 - Time taken to solve the RGSP: 0.00
2025-03-02 23:20:22,429 - Time taken to solve the CG DP: 0.00
2025-03-02 23:20:22,441 - Time taken to generate new constraints: 0.00
2025-03-02 23:20:22,441 - Time taken to solve the RGSP: 0.00
2025-03-02 23:20:22,456 - Time taken to solve the CG DP: 0.02
2025-03-02 23:20:22,495 - Time taken to generate new constraints: 0.00
2025-03-02 23:20:22,602 - Time taken to generate new constraints: 0.00
2025-03-02 23:20:22,602 - Time taken to solve the RGSP: 0.15
2025-03-02 23:20:22,603 - Time taken to solve the CG DP: 0.00
2025-03-02 23:20:22,603 - Time taken to solve the CGSP: 0.16
2025-03-02 23:20:22,605 - Time taken to generate new constraints: 0.00
2025-03-02 23:20:22,605 - Time taken to solve the RGSP: 0.00
2025-03-02 23:20:22,620 - Time taken to solve the CG DP: 0.01
2025-03-02 23:20:22,658 - Time taken to generate new constraints: 0.00
2025-03-02 23:20:22,696 - Time taken to generate new constraints: 0.00
2025-03-02 23:20:22,696 - Time taken to solve the RGSP: 0.08
2025-03-02 23:20:22,696 - Time taken to solve the CG DP: 0.00
2025-03-02 23:20:22,696 - Time taken to solve the CGSP: 0.09
2025-03-02 23:20:22,700 - Time taken to generate new constraints: 0.00
2025-03-02 23:20:22,700 - Time taken to solve the RGSP: 0.00
2025-03-02 23:20:22,713 - Time taken to solve the CG DP: 0.01
2025-03-02 23:20:22,749 - Time taken to generate new constraints: 0.00
2025-03-02 23:20:22,785 - Time taken to generate new constraints: 0.00
2025-03-02 23:20:22,785 - Time taken to solve the RGSP: 0.07
2025-03-02 23:20:22,785 - Time taken to solve the CG DP: 0.00
2025-03-02 23:20:22,785 - Time taken to solve the CGSP: 0.09
2025-03-02 23:20:22,788 - Time taken to generate new constraints: 0.00
2025-03-02 23:20:22,788 - Time taken to solve the RGSP: 0.00
2025-03-02 23:20:22,801 - Time taken to solve the CG DP: 0.01
2025-03-02 23:20:22,839 - Time taken to generate new constraints: 0.00
2025-03-02 23:20:22,877 - Time taken to generate new constraints: 0.00
2025-03-02 23:20:22,877 - Time taken to solve the RGSP: 0.08
2025-03-02 23:20:22,877 - Time taken to solve the CG DP: 0.00
2025-03-02 23:20:22,877 - Time taken to solve the CGSP: 0.09
2025-03-02 23:20:22,881 - Time taken to generate new constraints: 0.00
2025-03-02 23:20:22,881 - Time taken to solve the RGSP: 0.00
2025-03-02 23:20:22,894 - Time taken to solve the CG DP: 0.01
2025-03-02 23:20:22,930 - Time taken to generate new constraints: 0.00
2025-03-02 23:20:22,967 - Time taken to generate new constraints: 0.00
2025-03-02 23:20:22,967 - Time taken to solve the RGSP: 0.07
2025-03-02 23:20:22,967 - Time taken to solve the CG DP: 0.00
2025-03-02 23:20:22,967 - Time taken to solve the CGSP: 0.09
2025-03-02 23:20:22,970 - Time taken to generate new constraints: 0.00
2025-03-02 23:20:22,970 - Time taken to solve the RGSP: 0.00
2025-03-02 23:20:22,981 - Time taken to solve the CG DP: 0.01
2025-03-02 23:20:23,007 - Time taken to generate new constraints: 0.00
2025-03-02 23:20:23,035 - Time taken to generate new constraints: 0.00
2025-03-02 23:20:23,036 - Time taken to solve the RGSP: 0.05
2025-03-02 23:20:23,036 - Time taken to solve the CG DP: 0.00
2025-03-02 23:20:23,036 - Time taken to solve the CGSP: 0.07
2025-03-02 23:20:23,039 - Total CG iterations: 52
2025-03-02 23:20:23,039 - Total RG iterations: 48
2025-03-02 23:20:23,039 - Total RG time: 1.88
2025-03-02 23:20:23,039 - Total CG time: 2.56
2025-03-02 23:20:23,039 - Total RG DP time: 0.01
2025-03-02 23:20:23,039 - Total CG DP time: 0.00
2025-03-02 23:20:23,039 - tsp cache time: 0.16
