2025-03-01 09:55:44,012 - Time taken to solve the Row Generation DP: 0.03
2025-03-01 09:55:44,021 - Set parameter Username
2025-03-01 09:55:44,034 - Academic license - for non-commercial use only - expires 2025-11-12
2025-03-01 09:55:56,066 - Time taken to generate tsp cache: 12.05
2025-03-01 09:55:56,094 - Time taken to solve the RGSP: 0.00
2025-03-01 09:56:07,612 - Time taken to solve the CG DP: 11.51
2025-03-01 09:56:08,162 - Time taken to generate new constraints: 0.00
2025-03-01 09:56:08,694 - Time taken to generate new constraints: 0.00
2025-03-01 09:56:08,695 - Time taken to solve the RGSP: 1.08
2025-03-01 09:56:08,699 - Time taken to solve the CG DP: 0.00
2025-03-01 09:56:08,699 - Time taken to solve the CGSP: 12.63
2025-03-01 09:56:08,715 - Time taken to solve the RGSP: 0.00
2025-03-01 09:56:09,330 - Time taken to solve the CG DP: 0.61
2025-03-01 09:56:09,597 - Time taken to generate new constraints: 0.00
2025-03-01 09:56:09,867 - Time taken to generate new constraints: 0.00
2025-03-01 09:56:09,868 - Time taken to solve the RGSP: 0.54
2025-03-01 09:56:09,872 - Time taken to solve the CG DP: 0.00
2025-03-01 09:56:09,872 - Time taken to solve the CGSP: 1.16
2025-03-01 09:56:09,879 - Time taken to solve the RGSP: 0.00
2025-03-01 09:56:10,753 - Time taken to solve the CG DP: 0.87
2025-03-01 09:56:11,152 - Time taken to generate new constraints: 0.00
2025-03-01 09:56:11,549 - Time taken to generate new constraints: 0.00
2025-03-01 09:56:11,549 - Time taken to solve the RGSP: 0.79
2025-03-01 09:56:11,552 - Time taken to solve the CG DP: 0.00
2025-03-01 09:56:11,552 - Time taken to solve the CGSP: 1.68
2025-03-01 09:56:11,566 - Time taken to solve the RGSP: 0.00
2025-03-01 09:56:12,367 - Time taken to solve the CG DP: 0.80
2025-03-01 09:56:12,706 - Time taken to generate new constraints: 0.00
2025-03-01 09:56:13,029 - Time taken to generate new constraints: 0.00
2025-03-01 09:56:13,029 - Time taken to solve the RGSP: 0.66
2025-03-01 09:56:13,032 - Time taken to solve the CG DP: 0.00
2025-03-01 09:56:13,032 - Time taken to solve the CGSP: 1.47
2025-03-01 09:56:13,038 - Time taken to solve the RGSP: 0.00
2025-03-01 09:56:13,904 - Time taken to solve the CG DP: 0.86
2025-03-01 09:56:14,283 - Time taken to generate new constraints: 0.00
2025-03-01 09:56:14,748 - Time taken to generate new constraints: 0.00
2025-03-01 09:56:14,748 - Time taken to solve the RGSP: 0.84
2025-03-01 09:56:14,754 - Time taken to solve the CG DP: 0.00
2025-03-01 09:56:14,754 - Time taken to solve the CGSP: 1.72
2025-03-01 09:56:14,766 - Time taken to solve the RGSP: 0.00
2025-03-01 09:56:15,637 - Time taken to solve the CG DP: 0.87
2025-03-01 09:56:16,036 - Time taken to generate new constraints: 0.00
2025-03-01 09:56:16,432 - Time taken to generate new constraints: 0.00
2025-03-01 09:56:16,432 - Time taken to solve the RGSP: 0.79
2025-03-01 09:56:16,437 - Time taken to solve the CG DP: 0.00
2025-03-01 09:56:16,437 - Time taken to solve the CGSP: 1.68
2025-03-01 09:56:16,445 - Time taken to solve the RGSP: 0.00
2025-03-01 09:56:17,190 - Time taken to solve the CG DP: 0.74
2025-03-01 09:56:17,533 - Time taken to generate new constraints: 0.00
2025-03-01 09:56:17,874 - Time taken to generate new constraints: 0.00
2025-03-01 09:56:17,874 - Time taken to solve the RGSP: 0.68
2025-03-01 09:56:17,878 - Time taken to solve the CG DP: 0.00
2025-03-01 09:56:17,879 - Time taken to solve the CGSP: 1.44
2025-03-01 09:56:17,894 - Time taken to solve the RGSP: 0.00
2025-03-01 09:56:18,444 - Time taken to solve the CG DP: 0.55
2025-03-01 09:56:18,806 - Time taken to generate new constraints: 0.00
2025-03-01 09:56:19,066 - Time taken to generate new constraints: 0.00
2025-03-01 09:56:19,066 - Time taken to solve the RGSP: 0.62
2025-03-01 09:56:19,069 - Time taken to solve the CG DP: 0.00
2025-03-01 09:56:19,070 - Time taken to solve the CGSP: 1.18
2025-03-01 09:56:19,077 - Time taken to solve the RGSP: 0.00
2025-03-01 09:56:19,120 - Time taken to solve the CG DP: 0.04
2025-03-01 09:56:19,176 - Time taken to solve the RGSP: 0.00
2025-03-01 09:56:19,736 - Time taken to solve the CG DP: 0.56
2025-03-01 09:56:20,000 - Time taken to generate new constraints: 0.00
2025-03-01 09:56:20,263 - Time taken to generate new constraints: 0.00
2025-03-01 09:56:20,263 - Time taken to solve the RGSP: 0.53
2025-03-01 09:56:20,271 - Time taken to solve the CG DP: 0.01
2025-03-01 09:56:20,538 - Time taken to generate new constraints: 0.00
2025-03-01 09:56:20,801 - Time taken to generate new constraints: 0.00
2025-03-01 09:56:20,801 - Time taken to solve the RGSP: 0.53
2025-03-01 09:56:20,806 - Time taken to solve the CG DP: 0.00
2025-03-01 09:56:20,806 - Time taken to solve the CGSP: 1.64
2025-03-01 09:56:20,814 - Time taken to solve the RGSP: 0.00
2025-03-01 09:56:21,339 - Time taken to solve the CG DP: 0.53
2025-03-01 09:56:21,608 - Time taken to generate new constraints: 0.00
2025-03-01 09:56:21,865 - Time taken to generate new constraints: 0.00
2025-03-01 09:56:21,865 - Time taken to solve the RGSP: 0.52
2025-03-01 09:56:21,870 - Time taken to solve the CG DP: 0.00
2025-03-01 09:56:22,127 - Time taken to generate new constraints: 0.00
2025-03-01 09:56:22,383 - Time taken to generate new constraints: 0.00
2025-03-01 09:56:22,383 - Time taken to solve the RGSP: 0.51
2025-03-01 09:56:22,387 - Time taken to solve the CG DP: 0.00
2025-03-01 09:56:22,387 - Time taken to solve the CGSP: 1.58
2025-03-01 09:56:22,399 - Time taken to solve the RGSP: 0.00
2025-03-01 09:56:22,962 - Time taken to solve the CG DP: 0.56
2025-03-01 09:56:23,236 - Time taken to generate new constraints: 0.00
2025-03-01 09:56:23,505 - Time taken to generate new constraints: 0.00
2025-03-01 09:56:23,505 - Time taken to solve the RGSP: 0.54
2025-03-01 09:56:23,515 - Time taken to solve the CG DP: 0.01
2025-03-01 09:56:23,824 - Time taken to generate new constraints: 0.00
2025-03-01 09:56:24,095 - Time taken to generate new constraints: 0.00
2025-03-01 09:56:24,096 - Time taken to solve the RGSP: 0.58
2025-03-01 09:56:24,100 - Time taken to solve the CG DP: 0.00
2025-03-01 09:56:24,101 - Time taken to solve the CGSP: 1.71
2025-03-01 09:56:24,111 - Time taken to solve the RGSP: 0.00
2025-03-01 09:56:24,505 - Time taken to solve the CG DP: 0.39
2025-03-01 09:56:24,696 - Time taken to generate new constraints: 0.00
2025-03-01 09:56:24,885 - Time taken to generate new constraints: 0.00
2025-03-01 09:56:24,885 - Time taken to solve the RGSP: 0.38
2025-03-01 09:56:24,892 - Time taken to solve the CG DP: 0.01
2025-03-01 09:56:25,085 - Time taken to generate new constraints: 0.00
2025-03-01 09:56:25,274 - Time taken to generate new constraints: 0.00
2025-03-01 09:56:25,274 - Time taken to solve the RGSP: 0.38
2025-03-01 09:56:25,280 - Time taken to solve the CG DP: 0.01
2025-03-01 09:56:25,281 - Time taken to solve the CGSP: 1.18
2025-03-01 09:56:25,292 - Time taken to solve the RGSP: 0.00
2025-03-01 09:56:25,806 - Time taken to solve the CG DP: 0.51
2025-03-01 09:56:26,056 - Time taken to generate new constraints: 0.00
2025-03-01 09:56:26,304 - Time taken to generate new constraints: 0.00
2025-03-01 09:56:26,304 - Time taken to solve the RGSP: 0.50
2025-03-01 09:56:26,313 - Time taken to solve the CG DP: 0.01
2025-03-01 09:56:26,566 - Time taken to generate new constraints: 0.00
2025-03-01 09:56:26,818 - Time taken to generate new constraints: 0.00
2025-03-01 09:56:26,818 - Time taken to solve the RGSP: 0.50
2025-03-01 09:56:26,822 - Time taken to solve the CG DP: 0.00
2025-03-01 09:56:26,822 - Time taken to solve the CGSP: 1.54
2025-03-01 09:56:26,831 - Time taken to solve the RGSP: 0.00
2025-03-01 09:56:27,128 - Time taken to solve the CG DP: 0.30
2025-03-01 09:56:27,293 - Time taken to generate new constraints: 0.00
2025-03-01 09:56:27,457 - Time taken to generate new constraints: 0.00
2025-03-01 09:56:27,457 - Time taken to solve the RGSP: 0.33
2025-03-01 09:56:27,467 - Time taken to solve the CG DP: 0.01
2025-03-01 09:56:27,635 - Time taken to generate new constraints: 0.00
2025-03-01 09:56:27,803 - Time taken to generate new constraints: 0.00
2025-03-01 09:56:27,803 - Time taken to solve the RGSP: 0.34
2025-03-01 09:56:27,811 - Time taken to solve the CG DP: 0.01
2025-03-01 09:56:27,982 - Time taken to generate new constraints: 0.00
2025-03-01 09:56:28,153 - Time taken to generate new constraints: 0.00
2025-03-01 09:56:28,153 - Time taken to solve the RGSP: 0.34
2025-03-01 09:56:28,159 - Time taken to solve the CG DP: 0.01
2025-03-01 09:56:28,160 - Time taken to solve the CGSP: 1.34
2025-03-01 09:56:28,174 - Time taken to solve the RGSP: 0.00
2025-03-01 09:56:28,553 - Time taken to solve the CG DP: 0.38
2025-03-01 09:56:28,758 - Time taken to generate new constraints: 0.00
2025-03-01 09:56:28,962 - Time taken to generate new constraints: 0.00
2025-03-01 09:56:28,962 - Time taken to solve the RGSP: 0.41
2025-03-01 09:56:28,966 - Time taken to solve the CG DP: 0.00
2025-03-01 09:56:29,183 - Time taken to generate new constraints: 0.00
2025-03-01 09:56:29,415 - Time taken to generate new constraints: 0.00
2025-03-01 09:56:29,418 - Time taken to solve the RGSP: 0.45
2025-03-01 09:56:29,430 - Time taken to solve the CG DP: 0.01
2025-03-01 09:56:29,430 - Time taken to solve the CGSP: 1.27
2025-03-01 09:56:29,445 - Time taken to solve the RGSP: 0.00
2025-03-01 09:56:29,494 - Time taken to solve the CG DP: 0.05
2025-03-01 09:56:29,540 - Time taken to solve the RGSP: 0.00
2025-03-01 09:56:30,456 - Time taken to solve the CG DP: 0.92
2025-03-01 09:56:30,780 - Time taken to generate new constraints: 0.00
2025-03-01 09:56:31,208 - Time taken to generate new constraints: 0.00
2025-03-01 09:56:31,208 - Time taken to solve the RGSP: 0.75
2025-03-01 09:56:31,211 - Time taken to solve the CG DP: 0.00
2025-03-01 09:56:31,211 - Time taken to solve the CGSP: 1.68
2025-03-01 09:56:31,220 - Time taken to solve the RGSP: 0.00
2025-03-01 09:56:32,004 - Time taken to solve the CG DP: 0.78
2025-03-01 09:56:32,377 - Time taken to generate new constraints: 0.00
2025-03-01 09:56:32,733 - Time taken to generate new constraints: 0.00
2025-03-01 09:56:32,733 - Time taken to solve the RGSP: 0.73
2025-03-01 09:56:32,737 - Time taken to solve the CG DP: 0.00
2025-03-01 09:56:32,738 - Time taken to solve the CGSP: 1.52
2025-03-01 09:56:32,754 - Time taken to solve the RGSP: 0.00
2025-03-01 09:56:33,340 - Time taken to solve the CG DP: 0.59
2025-03-01 09:56:33,615 - Time taken to generate new constraints: 0.00
2025-03-01 09:56:33,890 - Time taken to generate new constraints: 0.00
2025-03-01 09:56:33,890 - Time taken to solve the RGSP: 0.55
2025-03-01 09:56:33,895 - Time taken to solve the CG DP: 0.00
2025-03-01 09:56:33,895 - Time taken to solve the CGSP: 1.15
2025-03-01 09:56:33,902 - Time taken to solve the RGSP: 0.00
2025-03-01 09:56:34,587 - Time taken to solve the CG DP: 0.68
2025-03-01 09:56:34,925 - Time taken to generate new constraints: 0.00
2025-03-01 09:56:35,266 - Time taken to generate new constraints: 0.00
2025-03-01 09:56:35,267 - Time taken to solve the RGSP: 0.68
2025-03-01 09:56:35,271 - Time taken to solve the CG DP: 0.00
2025-03-01 09:56:35,271 - Time taken to solve the CGSP: 1.38
2025-03-01 09:56:35,283 - Time taken to solve the RGSP: 0.00
2025-03-01 09:56:35,955 - Time taken to solve the CG DP: 0.67
2025-03-01 09:56:36,613 - Time taken to generate new constraints: 0.00
2025-03-01 09:56:36,940 - Time taken to generate new constraints: 0.00
2025-03-01 09:56:36,941 - Time taken to solve the RGSP: 0.98
2025-03-01 09:56:36,947 - Time taken to solve the CG DP: 0.01
2025-03-01 09:56:36,947 - Time taken to solve the CGSP: 1.67
2025-03-01 09:56:36,955 - Time taken to solve the RGSP: 0.00
2025-03-01 09:56:37,620 - Time taken to solve the CG DP: 0.66
2025-03-01 09:56:37,921 - Time taken to generate new constraints: 0.00
2025-03-01 09:56:38,222 - Time taken to generate new constraints: 0.00
2025-03-01 09:56:38,222 - Time taken to solve the RGSP: 0.60
2025-03-01 09:56:38,228 - Time taken to solve the CG DP: 0.01
2025-03-01 09:56:38,228 - Time taken to solve the CGSP: 1.28
2025-03-01 09:56:38,241 - Time taken to solve the RGSP: 0.00
2025-03-01 09:56:38,859 - Time taken to solve the CG DP: 0.62
2025-03-01 09:56:39,142 - Time taken to generate new constraints: 0.00
2025-03-01 09:56:39,422 - Time taken to generate new constraints: 0.00
2025-03-01 09:56:39,422 - Time taken to solve the RGSP: 0.56
2025-03-01 09:56:39,427 - Time taken to solve the CG DP: 0.00
2025-03-01 09:56:39,427 - Time taken to solve the CGSP: 1.19
2025-03-01 09:56:39,434 - Time taken to solve the RGSP: 0.00
2025-03-01 09:56:40,042 - Time taken to solve the CG DP: 0.61
2025-03-01 09:56:40,342 - Time taken to generate new constraints: 0.00
2025-03-01 09:56:40,638 - Time taken to generate new constraints: 0.00
2025-03-01 09:56:40,638 - Time taken to solve the RGSP: 0.59
2025-03-01 09:56:40,643 - Time taken to solve the CG DP: 0.00
2025-03-01 09:56:40,643 - Time taken to solve the CGSP: 1.21
2025-03-01 09:56:40,655 - Time taken to solve the RGSP: 0.00
2025-03-01 09:56:41,082 - Time taken to solve the CG DP: 0.43
2025-03-01 09:56:41,310 - Time taken to generate new constraints: 0.00
2025-03-01 09:56:41,541 - Time taken to generate new constraints: 0.00
2025-03-01 09:56:41,541 - Time taken to solve the RGSP: 0.46
2025-03-01 09:56:41,546 - Time taken to solve the CG DP: 0.00
2025-03-01 09:56:41,546 - Time taken to solve the CGSP: 0.90
2025-03-01 09:56:41,553 - Time taken to solve the RGSP: 0.00
2025-03-01 09:56:41,767 - Time taken to solve the CG DP: 0.21
2025-03-01 09:56:41,934 - Time taken to solve the RGSP: 0.00
2025-03-01 09:56:43,188 - Time taken to solve the CG DP: 1.25
2025-03-01 09:56:43,545 - Time taken to generate new constraints: 0.00
2025-03-01 09:56:43,861 - Time taken to generate new constraints: 0.00
2025-03-01 09:56:43,861 - Time taken to solve the RGSP: 0.67
2025-03-01 09:56:43,864 - Time taken to solve the CG DP: 0.00
2025-03-01 09:56:43,864 - Time taken to solve the CGSP: 1.94
2025-03-01 09:56:43,872 - Time taken to solve the RGSP: 0.00
2025-03-01 09:56:43,901 - Time taken to solve the CG DP: 0.03
2025-03-01 09:56:43,948 - Time taken to solve the RGSP: 0.00
2025-03-01 09:56:44,650 - Time taken to solve the CG DP: 0.70
2025-03-01 09:56:44,968 - Time taken to generate new constraints: 0.00
2025-03-01 09:56:45,333 - Time taken to generate new constraints: 0.00
2025-03-01 09:56:45,334 - Time taken to solve the RGSP: 0.68
2025-03-01 09:56:45,346 - Time taken to solve the CG DP: 0.01
2025-03-01 09:56:45,641 - Time taken to generate new constraints: 0.00
2025-03-01 09:56:45,923 - Time taken to generate new constraints: 0.00
2025-03-01 09:56:45,923 - Time taken to solve the RGSP: 0.58
2025-03-01 09:56:45,927 - Time taken to solve the CG DP: 0.00
2025-03-01 09:56:46,209 - Time taken to generate new constraints: 0.00
2025-03-01 09:56:46,480 - Time taken to generate new constraints: 0.00
2025-03-01 09:56:46,480 - Time taken to solve the RGSP: 0.55
2025-03-01 09:56:46,483 - Time taken to solve the CG DP: 0.00
2025-03-01 09:56:46,483 - Time taken to solve the CGSP: 2.54
2025-03-01 09:56:46,503 - Time taken to solve the RGSP: 0.00
2025-03-01 09:56:46,547 - Time taken to solve the CG DP: 0.04
2025-03-01 09:56:46,605 - Time taken to solve the RGSP: 0.00
2025-03-01 09:56:47,327 - Time taken to solve the CG DP: 0.72
2025-03-01 09:56:47,663 - Time taken to generate new constraints: 0.00
2025-03-01 09:56:48,055 - Time taken to generate new constraints: 0.00
2025-03-01 09:56:48,055 - Time taken to solve the RGSP: 0.73
2025-03-01 09:56:48,065 - Time taken to solve the CG DP: 0.01
2025-03-01 09:56:48,065 - Time taken to solve the CGSP: 1.47
2025-03-01 09:56:48,078 - Time taken to solve the RGSP: 0.00
2025-03-01 09:56:48,920 - Time taken to solve the CG DP: 0.84
2025-03-01 09:56:49,593 - Time taken to generate new constraints: 0.00
2025-03-01 09:56:49,879 - Time taken to generate new constraints: 0.00
2025-03-01 09:56:49,879 - Time taken to solve the RGSP: 0.96
2025-03-01 09:56:49,884 - Time taken to solve the CG DP: 0.00
2025-03-01 09:56:49,884 - Time taken to solve the CGSP: 1.82
2025-03-01 09:56:49,903 - Time taken to solve the RGSP: 0.00
2025-03-01 09:56:52,876 - Time taken to solve the CG DP: 2.97
2025-03-01 09:56:53,970 - Time taken to generate new constraints: 0.00
2025-03-01 09:56:54,618 - Time taken to generate new constraints: 0.00
2025-03-01 09:56:54,618 - Time taken to solve the RGSP: 1.74
2025-03-01 09:56:54,623 - Time taken to solve the CG DP: 0.00
2025-03-01 09:56:54,623 - Time taken to solve the CGSP: 4.73
2025-03-01 09:56:54,636 - Time taken to solve the RGSP: 0.00
2025-03-01 09:56:54,903 - Time taken to solve the CG DP: 0.27
2025-03-01 09:56:55,074 - Time taken to generate new constraints: 0.00
2025-03-01 09:56:55,237 - Time taken to generate new constraints: 0.00
2025-03-01 09:56:55,238 - Time taken to solve the RGSP: 0.33
2025-03-01 09:56:55,242 - Time taken to solve the CG DP: 0.00
2025-03-01 09:56:55,242 - Time taken to solve the CGSP: 0.62
2025-03-01 09:56:55,260 - Time taken to solve the RGSP: 0.00
2025-03-01 09:56:55,841 - Time taken to solve the CG DP: 0.58
2025-03-01 09:56:56,098 - Time taken to generate new constraints: 0.00
2025-03-01 09:56:56,346 - Time taken to generate new constraints: 0.00
2025-03-01 09:56:56,346 - Time taken to solve the RGSP: 0.50
2025-03-01 09:56:56,357 - Time taken to solve the CG DP: 0.01
2025-03-01 09:56:56,618 - Time taken to generate new constraints: 0.00
2025-03-01 09:56:56,871 - Time taken to generate new constraints: 0.00
2025-03-01 09:56:56,871 - Time taken to solve the RGSP: 0.51
2025-03-01 09:56:56,877 - Time taken to solve the CG DP: 0.01
2025-03-01 09:56:56,877 - Time taken to solve the CGSP: 1.62
2025-03-01 09:56:56,885 - Time taken to solve the RGSP: 0.00
2025-03-01 09:56:57,500 - Time taken to solve the CG DP: 0.61
2025-03-01 09:56:57,794 - Time taken to generate new constraints: 0.00
2025-03-01 09:56:58,087 - Time taken to generate new constraints: 0.00
2025-03-01 09:56:58,087 - Time taken to solve the RGSP: 0.59
2025-03-01 09:56:58,090 - Time taken to solve the CG DP: 0.00
2025-03-01 09:56:58,090 - Time taken to solve the CGSP: 1.21
2025-03-01 09:56:58,101 - Time taken to solve the RGSP: 0.00
2025-03-01 09:56:58,435 - Time taken to solve the CG DP: 0.33
2025-03-01 09:56:58,655 - Time taken to generate new constraints: 0.00
2025-03-01 09:56:58,881 - Time taken to generate new constraints: 0.00
2025-03-01 09:56:58,881 - Time taken to solve the RGSP: 0.44
2025-03-01 09:56:58,885 - Time taken to solve the CG DP: 0.00
2025-03-01 09:56:58,885 - Time taken to solve the CGSP: 0.79
2025-03-01 09:56:58,893 - Time taken to solve the RGSP: 0.00
2025-03-01 09:56:58,920 - Time taken to solve the CG DP: 0.03
2025-03-01 09:56:58,967 - Time taken to solve the RGSP: 0.00
2025-03-01 09:56:59,255 - Time taken to solve the CG DP: 0.29
2025-03-01 09:56:59,432 - Time taken to generate new constraints: 0.00
2025-03-01 09:56:59,607 - Time taken to generate new constraints: 0.00
2025-03-01 09:56:59,607 - Time taken to solve the RGSP: 0.35
2025-03-01 09:56:59,613 - Time taken to solve the CG DP: 0.01
2025-03-01 09:56:59,788 - Time taken to generate new constraints: 0.00
2025-03-01 09:56:59,963 - Time taken to generate new constraints: 0.00
2025-03-01 09:56:59,964 - Time taken to solve the RGSP: 0.35
2025-03-01 09:56:59,970 - Time taken to solve the CG DP: 0.01
2025-03-01 09:56:59,970 - Time taken to solve the CGSP: 1.01
2025-03-01 09:56:59,977 - Time taken to solve the RGSP: 0.00
2025-03-01 09:57:00,209 - Time taken to solve the CG DP: 0.23
2025-03-01 09:57:00,371 - Time taken to generate new constraints: 0.00
2025-03-01 09:57:00,527 - Time taken to generate new constraints: 0.00
2025-03-01 09:57:00,527 - Time taken to solve the RGSP: 0.32
2025-03-01 09:57:00,530 - Time taken to solve the CG DP: 0.00
2025-03-01 09:57:00,530 - Time taken to solve the CGSP: 0.56
2025-03-01 09:57:00,542 - Time taken to solve the RGSP: 0.00
2025-03-01 09:57:01,107 - Time taken to solve the CG DP: 0.56
2025-03-01 09:57:01,347 - Time taken to generate new constraints: 0.00
2025-03-01 09:57:01,583 - Time taken to generate new constraints: 0.00
2025-03-01 09:57:01,599 - Time taken to solve the RGSP: 0.49
2025-03-01 09:57:01,604 - Time taken to solve the CG DP: 0.00
2025-03-01 09:57:01,604 - Time taken to solve the CGSP: 1.07
2025-03-01 09:57:01,611 - Time taken to solve the RGSP: 0.00
2025-03-01 09:57:01,664 - Time taken to solve the CG DP: 0.05
2025-03-01 09:57:01,727 - Time taken to solve the RGSP: 0.00
2025-03-01 09:57:02,424 - Time taken to solve the CG DP: 0.70
2025-03-01 09:57:02,751 - Time taken to generate new constraints: 0.00
2025-03-01 09:57:03,066 - Time taken to generate new constraints: 0.00
2025-03-01 09:57:03,067 - Time taken to solve the RGSP: 0.64
2025-03-01 09:57:03,072 - Time taken to solve the CG DP: 0.00
2025-03-01 09:57:03,072 - Time taken to solve the CGSP: 1.35
2025-03-01 09:57:03,079 - Time taken to solve the RGSP: 0.00
2025-03-01 09:57:03,114 - Time taken to solve the CG DP: 0.03
2025-03-01 09:57:03,168 - Time taken to solve the RGSP: 0.00
2025-03-01 09:57:03,949 - Time taken to solve the CG DP: 0.78
2025-03-01 09:57:04,287 - Time taken to generate new constraints: 0.00
2025-03-01 09:57:04,625 - Time taken to generate new constraints: 0.00
2025-03-01 09:57:04,625 - Time taken to solve the RGSP: 0.67
2025-03-01 09:57:04,628 - Time taken to solve the CG DP: 0.00
2025-03-01 09:57:04,628 - Time taken to solve the CGSP: 1.47
2025-03-01 09:57:04,635 - Time taken to solve the RGSP: 0.00
2025-03-01 09:57:05,419 - Time taken to solve the CG DP: 0.78
2025-03-01 09:57:05,754 - Time taken to generate new constraints: 0.00
2025-03-01 09:57:06,102 - Time taken to generate new constraints: 0.00
2025-03-01 09:57:06,102 - Time taken to solve the RGSP: 0.68
2025-03-01 09:57:06,105 - Time taken to solve the CG DP: 0.00
2025-03-01 09:57:06,105 - Time taken to solve the CGSP: 1.48
2025-03-01 09:57:06,124 - Total CG iterations: 106
2025-03-01 09:57:06,124 - Total RG iterations: 86
2025-03-01 09:57:06,124 - Total RG time: 24.86
2025-03-01 09:57:06,124 - Total CG time: 68.88
2025-03-01 09:57:06,125 - Total RG DP time: 1.32
2025-03-01 09:57:06,125 - Total CG DP time: 0.08
2025-03-01 09:57:06,125 - tsp cache time: 12.05
