2025-03-02 23:21:06,855 - Time taken to solve the Row Generation DP: 0.00
2025-03-02 23:21:06,862 - Set parameter Username
2025-03-02 23:21:06,867 - Academic license - for non-commercial use only - expires 2025-11-12
2025-03-02 23:21:06,958 - Time taken to generate tsp cache: 0.10
2025-03-02 23:21:06,968 - Time taken to generate new constraints: 0.00
2025-03-02 23:21:06,969 - Time taken to solve the RGSP: 0.01
2025-03-02 23:21:07,319 - Time taken to solve the CG DP: 0.35
2025-03-02 23:21:07,613 - Time taken to generate new constraints: 0.00
2025-03-02 23:21:07,898 - Time taken to generate new constraints: 0.00
2025-03-02 23:21:07,898 - Time taken to solve the RGSP: 0.58
2025-03-02 23:21:07,899 - Time taken to solve the CG DP: 0.00
2025-03-02 23:21:07,899 - Time taken to solve the CGSP: 0.94
2025-03-02 23:21:07,910 - Time taken to generate new constraints: 0.00
2025-03-02 23:21:07,910 - Time taken to solve the RGSP: 0.00
2025-03-02 23:21:08,056 - Time taken to solve the CG DP: 0.15
2025-03-02 23:21:08,285 - Time taken to generate new constraints: 0.00
2025-03-02 23:21:08,520 - Time taken to generate new constraints: 0.00
2025-03-02 23:21:08,520 - Time taken to solve the RGSP: 0.46
2025-03-02 23:21:08,521 - Time taken to solve the CG DP: 0.00
2025-03-02 23:21:08,521 - Time taken to solve the CGSP: 0.61
2025-03-02 23:21:08,526 - Time taken to generate new constraints: 0.00
2025-03-02 23:21:08,526 - Time taken to solve the RGSP: 0.00
2025-03-02 23:21:08,635 - Time taken to solve the CG DP: 0.11
2025-03-02 23:21:08,808 - Time taken to generate new constraints: 0.00
2025-03-02 23:21:08,975 - Time taken to generate new constraints: 0.00
2025-03-02 23:21:08,975 - Time taken to solve the RGSP: 0.34
2025-03-02 23:21:08,976 - Time taken to solve the CG DP: 0.00
2025-03-02 23:21:08,976 - Time taken to solve the CGSP: 0.45
2025-03-02 23:21:08,986 - Time taken to generate new constraints: 0.00
2025-03-02 23:21:08,986 - Time taken to solve the RGSP: 0.00
2025-03-02 23:21:09,127 - Time taken to solve the CG DP: 0.14
2025-03-02 23:21:09,329 - Time taken to generate new constraints: 0.00
2025-03-02 23:21:09,530 - Time taken to generate new constraints: 0.00
2025-03-02 23:21:09,530 - Time taken to solve the RGSP: 0.40
2025-03-02 23:21:09,531 - Time taken to solve the CG DP: 0.00
2025-03-02 23:21:09,731 - Time taken to generate new constraints: 0.00
2025-03-02 23:21:09,930 - Time taken to generate new constraints: 0.00
2025-03-02 23:21:09,930 - Time taken to solve the RGSP: 0.40
2025-03-02 23:21:09,931 - Time taken to solve the CG DP: 0.00
2025-03-02 23:21:09,931 - Time taken to solve the CGSP: 0.95
2025-03-02 23:21:09,934 - Time taken to generate new constraints: 0.00
2025-03-02 23:21:09,934 - Time taken to solve the RGSP: 0.00
2025-03-02 23:21:10,027 - Time taken to solve the CG DP: 0.09
2025-03-02 23:21:10,209 - Time taken to generate new constraints: 0.00
2025-03-02 23:21:10,390 - Time taken to generate new constraints: 0.00
2025-03-02 23:21:10,390 - Time taken to solve the RGSP: 0.36
2025-03-02 23:21:10,390 - Time taken to solve the CG DP: 0.00
2025-03-02 23:21:10,391 - Time taken to solve the CGSP: 0.46
2025-03-02 23:21:10,400 - Time taken to generate new constraints: 0.00
2025-03-02 23:21:10,400 - Time taken to solve the RGSP: 0.00
2025-03-02 23:21:10,542 - Time taken to solve the CG DP: 0.14
2025-03-02 23:21:10,739 - Time taken to generate new constraints: 0.00
2025-03-02 23:21:10,935 - Time taken to generate new constraints: 0.00
2025-03-02 23:21:10,935 - Time taken to solve the RGSP: 0.39
2025-03-02 23:21:10,936 - Time taken to solve the CG DP: 0.00
2025-03-02 23:21:10,936 - Time taken to solve the CGSP: 0.54
2025-03-02 23:21:10,939 - Time taken to generate new constraints: 0.00
2025-03-02 23:21:10,939 - Time taken to solve the RGSP: 0.00
2025-03-02 23:21:11,061 - Time taken to solve the CG DP: 0.12
2025-03-02 23:21:11,278 - Time taken to generate new constraints: 0.00
2025-03-02 23:21:11,466 - Time taken to generate new constraints: 0.00
2025-03-02 23:21:11,466 - Time taken to solve the RGSP: 0.40
2025-03-02 23:21:11,467 - Time taken to solve the CG DP: 0.00
2025-03-02 23:21:11,467 - Time taken to solve the CGSP: 0.53
2025-03-02 23:21:11,476 - Time taken to generate new constraints: 0.00
2025-03-02 23:21:11,476 - Time taken to solve the RGSP: 0.00
2025-03-02 23:21:11,619 - Time taken to solve the CG DP: 0.14
2025-03-02 23:21:11,822 - Time taken to generate new constraints: 0.00
2025-03-02 23:21:12,020 - Time taken to generate new constraints: 0.00
2025-03-02 23:21:12,020 - Time taken to solve the RGSP: 0.40
2025-03-02 23:21:12,021 - Time taken to solve the CG DP: 0.00
2025-03-02 23:21:12,021 - Time taken to solve the CGSP: 0.55
2025-03-02 23:21:12,024 - Time taken to generate new constraints: 0.00
2025-03-02 23:21:12,024 - Time taken to solve the RGSP: 0.00
2025-03-02 23:21:12,136 - Time taken to solve the CG DP: 0.11
2025-03-02 23:21:12,303 - Time taken to generate new constraints: 0.00
2025-03-02 23:21:12,471 - Time taken to generate new constraints: 0.00
2025-03-02 23:21:12,471 - Time taken to solve the RGSP: 0.33
2025-03-02 23:21:12,475 - Time taken to solve the CG DP: 0.00
2025-03-02 23:21:12,654 - Time taken to generate new constraints: 0.00
2025-03-02 23:21:12,832 - Time taken to generate new constraints: 0.00
2025-03-02 23:21:12,832 - Time taken to solve the RGSP: 0.36
2025-03-02 23:21:12,833 - Time taken to solve the CG DP: 0.00
2025-03-02 23:21:12,833 - Time taken to solve the CGSP: 0.81
2025-03-02 23:21:12,844 - Time taken to generate new constraints: 0.00
2025-03-02 23:21:12,844 - Time taken to solve the RGSP: 0.00
2025-03-02 23:21:12,982 - Time taken to solve the CG DP: 0.14
2025-03-02 23:21:13,180 - Time taken to generate new constraints: 0.00
2025-03-02 23:21:13,377 - Time taken to generate new constraints: 0.00
2025-03-02 23:21:13,377 - Time taken to solve the RGSP: 0.39
2025-03-02 23:21:13,378 - Time taken to solve the CG DP: 0.00
2025-03-02 23:21:13,378 - Time taken to solve the CGSP: 0.54
2025-03-02 23:21:13,381 - Time taken to generate new constraints: 0.00
2025-03-02 23:21:13,381 - Time taken to solve the RGSP: 0.00
2025-03-02 23:21:13,493 - Time taken to solve the CG DP: 0.11
2025-03-02 23:21:13,660 - Time taken to generate new constraints: 0.00
2025-03-02 23:21:13,828 - Time taken to generate new constraints: 0.00
2025-03-02 23:21:13,828 - Time taken to solve the RGSP: 0.33
2025-03-02 23:21:13,832 - Time taken to solve the CG DP: 0.00
2025-03-02 23:21:14,010 - Time taken to generate new constraints: 0.00
2025-03-02 23:21:14,188 - Time taken to generate new constraints: 0.00
2025-03-02 23:21:14,188 - Time taken to solve the RGSP: 0.36
2025-03-02 23:21:14,189 - Time taken to solve the CG DP: 0.00
2025-03-02 23:21:14,189 - Time taken to solve the CGSP: 0.81
2025-03-02 23:21:14,199 - Time taken to generate new constraints: 0.00
2025-03-02 23:21:14,199 - Time taken to solve the RGSP: 0.00
2025-03-02 23:21:14,335 - Time taken to solve the CG DP: 0.14
2025-03-02 23:21:14,542 - Time taken to generate new constraints: 0.00
2025-03-02 23:21:14,735 - Time taken to generate new constraints: 0.00
2025-03-02 23:21:14,735 - Time taken to solve the RGSP: 0.40
2025-03-02 23:21:14,737 - Time taken to solve the CG DP: 0.00
2025-03-02 23:21:14,929 - Time taken to generate new constraints: 0.00
2025-03-02 23:21:15,121 - Time taken to generate new constraints: 0.00
2025-03-02 23:21:15,121 - Time taken to solve the RGSP: 0.38
2025-03-02 23:21:15,122 - Time taken to solve the CG DP: 0.00
2025-03-02 23:21:15,123 - Time taken to solve the CGSP: 0.93
2025-03-02 23:21:15,126 - Time taken to generate new constraints: 0.00
2025-03-02 23:21:15,126 - Time taken to solve the RGSP: 0.00
2025-03-02 23:21:15,282 - Time taken to solve the CG DP: 0.16
2025-03-02 23:21:15,495 - Time taken to generate new constraints: 0.00
2025-03-02 23:21:15,788 - Time taken to generate new constraints: 0.00
2025-03-02 23:21:15,789 - Time taken to solve the RGSP: 0.51
2025-03-02 23:21:15,789 - Time taken to solve the CG DP: 0.00
2025-03-02 23:21:15,790 - Time taken to solve the CGSP: 0.67
2025-03-02 23:21:15,799 - Time taken to generate new constraints: 0.00
2025-03-02 23:21:15,799 - Time taken to solve the RGSP: 0.00
2025-03-02 23:21:15,935 - Time taken to solve the CG DP: 0.14
2025-03-02 23:21:16,128 - Time taken to generate new constraints: 0.00
2025-03-02 23:21:16,322 - Time taken to generate new constraints: 0.00
2025-03-02 23:21:16,322 - Time taken to solve the RGSP: 0.39
2025-03-02 23:21:16,323 - Time taken to solve the CG DP: 0.00
2025-03-02 23:21:16,518 - Time taken to generate new constraints: 0.00
2025-03-02 23:21:16,714 - Time taken to generate new constraints: 0.00
2025-03-02 23:21:16,714 - Time taken to solve the RGSP: 0.39
2025-03-02 23:21:16,715 - Time taken to solve the CG DP: 0.00
2025-03-02 23:21:16,715 - Time taken to solve the CGSP: 0.92
2025-03-02 23:21:16,719 - Time taken to generate new constraints: 0.00
2025-03-02 23:21:16,719 - Time taken to solve the RGSP: 0.00
2025-03-02 23:21:16,829 - Time taken to solve the CG DP: 0.11
2025-03-02 23:21:16,975 - Time taken to generate new constraints: 0.00
2025-03-02 23:21:17,119 - Time taken to generate new constraints: 0.00
2025-03-02 23:21:17,119 - Time taken to solve the RGSP: 0.29
2025-03-02 23:21:17,120 - Time taken to solve the CG DP: 0.00
2025-03-02 23:21:17,120 - Time taken to solve the CGSP: 0.40
2025-03-02 23:21:17,130 - Time taken to generate new constraints: 0.00
2025-03-02 23:21:17,130 - Time taken to solve the RGSP: 0.00
2025-03-02 23:21:17,277 - Time taken to solve the CG DP: 0.15
2025-03-02 23:21:17,465 - Time taken to generate new constraints: 0.00
2025-03-02 23:21:17,652 - Time taken to generate new constraints: 0.00
2025-03-02 23:21:17,652 - Time taken to solve the RGSP: 0.37
2025-03-02 23:21:17,653 - Time taken to solve the CG DP: 0.00
2025-03-02 23:21:17,653 - Time taken to solve the CGSP: 0.53
2025-03-02 23:21:17,656 - Time taken to generate new constraints: 0.00
2025-03-02 23:21:17,656 - Time taken to solve the RGSP: 0.00
2025-03-02 23:21:17,821 - Time taken to solve the CG DP: 0.16
2025-03-02 23:21:18,052 - Time taken to generate new constraints: 0.00
2025-03-02 23:21:18,285 - Time taken to generate new constraints: 0.00
2025-03-02 23:21:18,285 - Time taken to solve the RGSP: 0.46
2025-03-02 23:21:18,289 - Time taken to solve the CG DP: 0.00
2025-03-02 23:21:18,566 - Time taken to generate new constraints: 0.00
2025-03-02 23:21:18,814 - Time taken to generate new constraints: 0.00
2025-03-02 23:21:18,814 - Time taken to solve the RGSP: 0.53
2025-03-02 23:21:18,815 - Time taken to solve the CG DP: 0.00
2025-03-02 23:21:18,815 - Time taken to solve the CGSP: 1.16
2025-03-02 23:21:18,827 - Time taken to generate new constraints: 0.00
2025-03-02 23:21:18,827 - Time taken to solve the RGSP: 0.00
2025-03-02 23:21:18,991 - Time taken to solve the CG DP: 0.16
2025-03-02 23:21:19,224 - Time taken to generate new constraints: 0.00
2025-03-02 23:21:19,454 - Time taken to generate new constraints: 0.00
2025-03-02 23:21:19,455 - Time taken to solve the RGSP: 0.46
2025-03-02 23:21:19,459 - Time taken to solve the CG DP: 0.00
2025-03-02 23:21:19,700 - Time taken to generate new constraints: 0.00
2025-03-02 23:21:19,940 - Time taken to generate new constraints: 0.00
2025-03-02 23:21:19,940 - Time taken to solve the RGSP: 0.48
2025-03-02 23:21:19,941 - Time taken to solve the CG DP: 0.00
2025-03-02 23:21:19,941 - Time taken to solve the CGSP: 1.12
2025-03-02 23:21:19,944 - Time taken to generate new constraints: 0.00
2025-03-02 23:21:19,944 - Time taken to solve the RGSP: 0.00
2025-03-02 23:21:20,067 - Time taken to solve the CG DP: 0.12
2025-03-02 23:21:20,267 - Time taken to generate new constraints: 0.00
2025-03-02 23:21:20,463 - Time taken to generate new constraints: 0.00
2025-03-02 23:21:20,464 - Time taken to solve the RGSP: 0.40
2025-03-02 23:21:20,464 - Time taken to solve the CG DP: 0.00
2025-03-02 23:21:20,465 - Time taken to solve the CGSP: 0.52
2025-03-02 23:21:20,475 - Time taken to generate new constraints: 0.00
2025-03-02 23:21:20,475 - Time taken to solve the RGSP: 0.00
2025-03-02 23:21:20,639 - Time taken to solve the CG DP: 0.16
2025-03-02 23:21:20,871 - Time taken to generate new constraints: 0.00
2025-03-02 23:21:21,105 - Time taken to generate new constraints: 0.00
2025-03-02 23:21:21,105 - Time taken to solve the RGSP: 0.47
2025-03-02 23:21:21,109 - Time taken to solve the CG DP: 0.00
2025-03-02 23:21:21,352 - Time taken to generate new constraints: 0.00
2025-03-02 23:21:21,596 - Time taken to generate new constraints: 0.00
2025-03-02 23:21:21,596 - Time taken to solve the RGSP: 0.49
2025-03-02 23:21:21,596 - Time taken to solve the CG DP: 0.00
2025-03-02 23:21:21,597 - Time taken to solve the CGSP: 1.12
2025-03-02 23:21:21,600 - Time taken to generate new constraints: 0.00
2025-03-02 23:21:21,600 - Time taken to solve the RGSP: 0.00
2025-03-02 23:21:21,600 - Time taken to solve the CG DP: 0.00
2025-03-02 23:21:21,600 - Time taken to solve the CGSP: 0.00
2025-03-02 23:21:21,611 - Time taken to generate new constraints: 0.00
2025-03-02 23:21:21,611 - Time taken to solve the RGSP: 0.00
2025-03-02 23:21:21,747 - Time taken to solve the CG DP: 0.14
2025-03-02 23:21:21,945 - Time taken to generate new constraints: 0.00
2025-03-02 23:21:22,138 - Time taken to generate new constraints: 0.00
2025-03-02 23:21:22,138 - Time taken to solve the RGSP: 0.39
2025-03-02 23:21:22,139 - Time taken to solve the CG DP: 0.00
2025-03-02 23:21:22,333 - Time taken to generate new constraints: 0.00
2025-03-02 23:21:22,528 - Time taken to generate new constraints: 0.00
2025-03-02 23:21:22,528 - Time taken to solve the RGSP: 0.39
2025-03-02 23:21:22,529 - Time taken to solve the CG DP: 0.00
2025-03-02 23:21:22,529 - Time taken to solve the CGSP: 0.92
2025-03-02 23:21:22,532 - Time taken to generate new constraints: 0.00
2025-03-02 23:21:22,532 - Time taken to solve the RGSP: 0.00
2025-03-02 23:21:22,535 - Time taken to solve the CG DP: 0.00
2025-03-02 23:21:22,565 - Total CG iterations: 54
2025-03-02 23:21:22,565 - Total RG iterations: 44
2025-03-02 23:21:22,565 - Total RG time: 8.67
2025-03-02 23:21:22,565 - Total CG time: 15.48
2025-03-02 23:21:22,565 - Total RG DP time: 0.01
2025-03-02 23:21:22,565 - Total CG DP time: 0.00
2025-03-02 23:21:22,565 - tsp cache time: 0.10
