2025-03-02 23:20:54,516 - Time taken to solve the Row Generation DP: 0.00
2025-03-02 23:20:54,523 - Set parameter Username
2025-03-02 23:20:54,527 - Academic license - for non-commercial use only - expires 2025-11-12
2025-03-02 23:20:54,555 - Time taken to generate tsp cache: 0.04
2025-03-02 23:20:54,565 - Time taken to generate new constraints: 0.00
2025-03-02 23:20:54,565 - Time taken to solve the RGSP: 0.01
2025-03-02 23:20:54,591 - Time taken to solve the CG DP: 0.03
2025-03-02 23:20:54,655 - Time taken to generate new constraints: 0.00
2025-03-02 23:20:54,655 - Time taken to solve the RGSP: 0.06
2025-03-02 23:20:54,655 - Time taken to solve the CG DP: 0.00
2025-03-02 23:20:54,655 - Time taken to solve the CGSP: 0.10
2025-03-02 23:20:54,660 - Time taken to generate new constraints: 0.00
2025-03-02 23:20:54,660 - Time taken to solve the RGSP: 0.00
2025-03-02 23:20:54,684 - Time taken to solve the CG DP: 0.02
2025-03-02 23:20:54,739 - Time taken to generate new constraints: 0.00
2025-03-02 23:20:54,739 - Time taken to solve the RGSP: 0.05
2025-03-02 23:20:54,740 - Time taken to solve the CG DP: 0.00
2025-03-02 23:20:54,740 - Time taken to solve the CGSP: 0.08
2025-03-02 23:20:54,742 - Time taken to generate new constraints: 0.00
2025-03-02 23:20:54,742 - Time taken to solve the RGSP: 0.00
2025-03-02 23:20:54,764 - Time taken to solve the CG DP: 0.02
2025-03-02 23:20:54,824 - Time taken to generate new constraints: 0.00
2025-03-02 23:20:54,879 - Time taken to generate new constraints: 0.00
2025-03-02 23:20:54,879 - Time taken to solve the RGSP: 0.12
2025-03-02 23:20:54,880 - Time taken to solve the CG DP: 0.00
2025-03-02 23:20:54,880 - Time taken to solve the CGSP: 0.14
2025-03-02 23:20:54,885 - Time taken to generate new constraints: 0.00
2025-03-02 23:20:54,885 - Time taken to solve the RGSP: 0.00
2025-03-02 23:20:54,906 - Time taken to solve the CG DP: 0.02
2025-03-02 23:20:54,957 - Time taken to generate new constraints: 0.00
2025-03-02 23:20:55,008 - Time taken to generate new constraints: 0.00
2025-03-02 23:20:55,008 - Time taken to solve the RGSP: 0.10
2025-03-02 23:20:55,009 - Time taken to solve the CG DP: 0.00
2025-03-02 23:20:55,009 - Time taken to solve the CGSP: 0.13
2025-03-02 23:20:55,011 - Time taken to generate new constraints: 0.00
2025-03-02 23:20:55,011 - Time taken to solve the RGSP: 0.00
2025-03-02 23:20:55,033 - Time taken to solve the CG DP: 0.02
2025-03-02 23:20:55,091 - Time taken to generate new constraints: 0.00
2025-03-02 23:20:55,147 - Time taken to generate new constraints: 0.00
2025-03-02 23:20:55,147 - Time taken to solve the RGSP: 0.11
2025-03-02 23:20:55,147 - Time taken to solve the CG DP: 0.00
2025-03-02 23:20:55,147 - Time taken to solve the CGSP: 0.14
2025-03-02 23:20:55,152 - Time taken to generate new constraints: 0.00
2025-03-02 23:20:55,152 - Time taken to solve the RGSP: 0.00
2025-03-02 23:20:55,170 - Time taken to solve the CG DP: 0.02
2025-03-02 23:20:55,219 - Time taken to generate new constraints: 0.00
2025-03-02 23:20:55,219 - Time taken to solve the RGSP: 0.05
2025-03-02 23:20:55,220 - Time taken to solve the CG DP: 0.00
2025-03-02 23:20:55,220 - Time taken to solve the CGSP: 0.07
2025-03-02 23:20:55,222 - Time taken to generate new constraints: 0.00
2025-03-02 23:20:55,222 - Time taken to solve the RGSP: 0.00
2025-03-02 23:20:55,225 - Time taken to solve the CG DP: 0.00
2025-03-02 23:20:55,243 - Time taken to generate new constraints: 0.00
2025-03-02 23:20:55,243 - Time taken to solve the RGSP: 0.00
2025-03-02 23:20:55,264 - Time taken to solve the CG DP: 0.02
2025-03-02 23:20:55,316 - Time taken to generate new constraints: 0.00
2025-03-02 23:20:55,316 - Time taken to solve the RGSP: 0.05
2025-03-02 23:20:55,317 - Time taken to solve the CG DP: 0.00
2025-03-02 23:20:55,317 - Time taken to solve the CGSP: 0.08
2025-03-02 23:20:55,320 - Time taken to generate new constraints: 0.00
2025-03-02 23:20:55,320 - Time taken to solve the RGSP: 0.00
2025-03-02 23:20:55,332 - Time taken to solve the CG DP: 0.01
2025-03-02 23:20:55,357 - Time taken to generate new constraints: 0.00
2025-03-02 23:20:55,358 - Time taken to solve the RGSP: 0.03
2025-03-02 23:20:55,358 - Time taken to solve the CG DP: 0.00
2025-03-02 23:20:55,358 - Time taken to solve the CGSP: 0.04
2025-03-02 23:20:55,363 - Time taken to generate new constraints: 0.00
2025-03-02 23:20:55,363 - Time taken to solve the RGSP: 0.00
2025-03-02 23:20:55,381 - Time taken to solve the CG DP: 0.02
2025-03-02 23:20:55,429 - Time taken to generate new constraints: 0.00
2025-03-02 23:20:55,429 - Time taken to solve the RGSP: 0.05
2025-03-02 23:20:55,429 - Time taken to solve the CG DP: 0.00
2025-03-02 23:20:55,429 - Time taken to solve the CGSP: 0.07
2025-03-02 23:20:55,432 - Time taken to generate new constraints: 0.00
2025-03-02 23:20:55,432 - Time taken to solve the RGSP: 0.00
2025-03-02 23:20:55,448 - Time taken to solve the CG DP: 0.02
2025-03-02 23:20:55,491 - Time taken to generate new constraints: 0.00
2025-03-02 23:20:55,533 - Time taken to generate new constraints: 0.00
2025-03-02 23:20:55,533 - Time taken to solve the RGSP: 0.08
2025-03-02 23:20:55,534 - Time taken to solve the CG DP: 0.00
2025-03-02 23:20:55,534 - Time taken to solve the CGSP: 0.10
2025-03-02 23:20:55,539 - Time taken to generate new constraints: 0.00
2025-03-02 23:20:55,539 - Time taken to solve the RGSP: 0.00
2025-03-02 23:20:55,553 - Time taken to solve the CG DP: 0.01
2025-03-02 23:20:55,596 - Time taken to generate new constraints: 0.00
2025-03-02 23:20:55,643 - Time taken to generate new constraints: 0.00
2025-03-02 23:20:55,643 - Time taken to solve the RGSP: 0.09
2025-03-02 23:20:55,644 - Time taken to solve the CG DP: 0.00
2025-03-02 23:20:55,644 - Time taken to solve the CGSP: 0.11
2025-03-02 23:20:55,648 - Time taken to generate new constraints: 0.00
2025-03-02 23:20:55,648 - Time taken to solve the RGSP: 0.00
2025-03-02 23:20:55,662 - Time taken to solve the CG DP: 0.01
2025-03-02 23:20:55,697 - Time taken to generate new constraints: 0.00
2025-03-02 23:20:55,697 - Time taken to solve the RGSP: 0.04
2025-03-02 23:20:55,698 - Time taken to solve the CG DP: 0.00
2025-03-02 23:20:55,698 - Time taken to solve the CGSP: 0.05
2025-03-02 23:20:55,703 - Time taken to generate new constraints: 0.00
2025-03-02 23:20:55,703 - Time taken to solve the RGSP: 0.00
2025-03-02 23:20:55,722 - Time taken to solve the CG DP: 0.02
2025-03-02 23:20:55,775 - Time taken to generate new constraints: 0.00
2025-03-02 23:20:55,775 - Time taken to solve the RGSP: 0.05
2025-03-02 23:20:55,776 - Time taken to solve the CG DP: 0.00
2025-03-02 23:20:55,776 - Time taken to solve the CGSP: 0.08
2025-03-02 23:20:55,779 - Time taken to generate new constraints: 0.00
2025-03-02 23:20:55,779 - Time taken to solve the RGSP: 0.00
2025-03-02 23:20:55,787 - Time taken to solve the CG DP: 0.01
2025-03-02 23:20:55,812 - Time taken to generate new constraints: 0.00
2025-03-02 23:20:55,812 - Time taken to solve the RGSP: 0.03
2025-03-02 23:20:55,813 - Time taken to solve the CG DP: 0.00
2025-03-02 23:20:55,813 - Time taken to solve the CGSP: 0.04
2025-03-02 23:20:55,816 - Total CG iterations: 30
2025-03-02 23:20:55,816 - Total RG iterations: 20
2025-03-02 23:20:55,817 - Total RG time: 0.91
2025-03-02 23:20:55,817 - Total CG time: 1.23
2025-03-02 23:20:55,817 - Total RG DP time: 0.00
2025-03-02 23:20:55,817 - Total CG DP time: 0.00
2025-03-02 23:20:55,817 - tsp cache time: 0.04
