2025-02-26 14:16:07,813 - Time taken to solve the Row Generation DP: 0.019989083986729383
2025-02-26 14:16:07,821 - Set parameter Username
2025-02-26 14:16:07,851 - Academic license - for non-commercial use only - expires 2025-11-12
2025-02-26 14:16:07,891 - Time taken to solve the RGSP: 5.420297384262085e-07
2025-02-26 14:16:08,472 - Time taken to solve the CG DP: 0.5791069578845054
2025-02-26 14:16:27,480 - Time taken to generate new constraints: 18.411768624791875
2025-02-26 14:16:46,200 - Time taken to generate new constraints: 18.362038500141352
2025-02-26 14:17:04,768 - Time taken to generate new constraints: 18.194102291949093
2025-02-26 14:17:04,769 - Time taken to solve the RGSP: 56.269253874896094
2025-02-26 14:17:04,975 - Time taken to solve the CG DP: 0.20542112505063415
2025-02-26 14:17:23,730 - Time taken to generate new constraints: 18.25119458301924
2025-02-26 14:17:42,509 - Time taken to generate new constraints: 18.263746458105743
2025-02-26 14:17:42,509 - Time taken to solve the RGSP: 37.534059291007
2025-02-26 14:17:42,721 - Time taken to solve the CG DP: 0.21134937484748662
2025-02-26 14:18:02,091 - Time taken to generate new constraints: 18.816460582893342
2025-02-26 14:18:22,016 - Time taken to generate new constraints: 19.371041000122204
2025-02-26 14:18:22,017 - Time taken to solve the RGSP: 39.29586791689508
2025-02-26 14:18:22,246 - Time taken to solve the CG DP: 0.22834979183971882
2025-02-26 14:18:22,246 - Time taken to solve the CGSP: 134.43424404109828
2025-02-26 14:18:22,283 - Time taken to solve the Row Generation DP: 0.020644124830141664
2025-02-26 14:18:22,287 - Time taken to solve the RGSP: 4.169996827840805e-07
2025-02-26 14:18:22,865 - Time taken to solve the CG DP: 0.5774486248847097
2025-02-26 14:18:41,569 - Time taken to generate new constraints: 18.361559542128816
2025-02-26 14:19:00,130 - Time taken to generate new constraints: 18.186018750071526
2025-02-26 14:19:00,132 - Time taken to solve the RGSP: 37.266221957979724
2025-02-26 14:19:00,301 - Time taken to solve the CG DP: 0.1691862498410046
2025-02-26 14:19:18,962 - Time taken to generate new constraints: 18.199071374954656
2025-02-26 14:19:38,707 - Time taken to generate new constraints: 19.26848154095933
2025-02-26 14:19:38,708 - Time taken to solve the RGSP: 38.40653041587211
2025-02-26 14:19:38,926 - Time taken to solve the CG DP: 0.21742804092355072
2025-02-26 14:19:58,014 - Time taken to generate new constraints: 18.543186041992158
2025-02-26 14:20:17,830 - Time taken to generate new constraints: 19.27667049993761
2025-02-26 14:20:17,830 - Time taken to solve the RGSP: 38.903754874831066
2025-02-26 14:20:18,033 - Time taken to solve the CG DP: 0.2020215829834342
2025-02-26 14:20:36,980 - Time taken to generate new constraints: 18.385920624947175
2025-02-26 14:20:55,900 - Time taken to generate new constraints: 18.33555508311838
2025-02-26 14:20:55,901 - Time taken to solve the RGSP: 37.868145083775744
2025-02-26 14:20:56,104 - Time taken to solve the CG DP: 0.2022717078216374
2025-02-26 14:20:56,104 - Time taken to solve the CGSP: 153.822596458951
2025-02-26 14:20:56,124 - Time taken to solve the Row Generation DP: 0.019094874849542975
2025-02-26 14:20:56,129 - Time taken to solve the RGSP: 3.7509016692638397e-07
2025-02-26 14:20:56,645 - Time taken to solve the CG DP: 0.5148773330729455
2025-02-26 14:21:15,206 - Time taken to generate new constraints: 18.207142832921818
2025-02-26 14:21:15,207 - Time taken to solve the RGSP: 18.561370374867693
2025-02-26 14:21:15,356 - Time taken to solve the CG DP: 0.1490284998435527
2025-02-26 14:21:34,206 - Time taken to generate new constraints: 18.41529120807536
2025-02-26 14:21:34,207 - Time taken to solve the RGSP: 18.850055459188297
2025-02-26 14:21:34,405 - Time taken to solve the CG DP: 0.19761629216372967
2025-02-26 14:21:53,184 - Time taken to generate new constraints: 18.272994374856353
2025-02-26 14:21:53,184 - Time taken to solve the RGSP: 18.77865945803933
2025-02-26 14:21:53,376 - Time taken to solve the CG DP: 0.19163816701620817
2025-02-26 14:22:12,026 - Time taken to generate new constraints: 18.154111749958247
2025-02-26 14:22:12,026 - Time taken to solve the RGSP: 18.64975033281371
2025-02-26 14:22:12,226 - Time taken to solve the CG DP: 0.1993251668754965
2025-02-26 14:22:31,064 - Time taken to generate new constraints: 18.32439212501049
2025-02-26 14:22:31,065 - Time taken to solve the RGSP: 18.83814924978651
2025-02-26 14:22:31,264 - Time taken to solve the CG DP: 0.19869562494568527
2025-02-26 14:22:31,265 - Time taken to solve the CGSP: 95.14070579083636
2025-02-26 14:22:31,290 - Time taken to solve the Row Generation DP: 1.89170241355896e-05
2025-02-26 14:22:31,294 - Time taken to solve the RGSP: 5.420297384262085e-07
2025-02-26 14:22:31,780 - Time taken to solve the CG DP: 0.48575379187241197
2025-02-26 14:22:32,115 - Time taken to generate new constraints: 4.420778714120388e-05
2025-02-26 14:22:32,115 - Time taken to solve the RGSP: 0.33360616699792445
2025-02-26 14:22:32,262 - Time taken to solve the CG DP: 0.1466528750024736
2025-02-26 14:22:32,684 - Time taken to generate new constraints: 4.970887675881386e-05
2025-02-26 14:22:32,684 - Time taken to solve the RGSP: 0.42176033300347626
2025-02-26 14:22:32,879 - Time taken to solve the CG DP: 0.19479808281175792
2025-02-26 14:22:33,361 - Time taken to generate new constraints: 5.312496796250343e-05
2025-02-26 14:22:33,361 - Time taken to solve the RGSP: 0.4807055408600718
2025-02-26 14:22:33,544 - Time taken to solve the CG DP: 0.18337166588753462
2025-02-26 14:22:34,038 - Time taken to generate new constraints: 6.320793181657791e-05
2025-02-26 14:22:34,038 - Time taken to solve the RGSP: 0.4929922081064433
2025-02-26 14:22:34,232 - Time taken to solve the CG DP: 0.19383033295162022
2025-02-26 14:22:34,233 - Time taken to solve the CGSP: 2.9422146670985967
2025-02-26 14:22:34,234 - Time taken to solve the Row Generation DP: 0.0006347920279949903
2025-02-26 14:22:34,239 - Time taken to solve the RGSP: 4.5890919864177704e-07
2025-02-26 14:22:34,564 - Time taken to solve the CG DP: 0.3248715829104185
2025-02-26 14:22:34,873 - Time taken to generate new constraints: 0.07116133300587535
2025-02-26 14:22:34,874 - Time taken to solve the RGSP: 0.3091354169882834
2025-02-26 14:22:35,008 - Time taken to solve the CG DP: 0.13370649982243776
2025-02-26 14:22:35,417 - Time taken to generate new constraints: 0.06992208305746317
2025-02-26 14:22:35,417 - Time taken to solve the RGSP: 0.4088321658782661
2025-02-26 14:22:35,511 - Time taken to solve the CG DP: 0.09312633401714265
2025-02-26 14:22:35,932 - Time taken to generate new constraints: 0.06930562504567206
2025-02-26 14:22:35,932 - Time taken to solve the RGSP: 0.42128362506628036
2025-02-26 14:22:36,021 - Time taken to solve the CG DP: 0.08872295799665153
2025-02-26 14:22:36,447 - Time taken to generate new constraints: 0.06894445815123618
2025-02-26 14:22:36,447 - Time taken to solve the RGSP: 0.4251923330593854
2025-02-26 14:22:36,525 - Time taken to solve the CG DP: 0.07691249996423721
2025-02-26 14:22:36,955 - Time taken to generate new constraints: 0.06902029202319682
2025-02-26 14:22:36,955 - Time taken to solve the RGSP: 0.4299191669560969
2025-02-26 14:22:37,032 - Time taken to solve the CG DP: 0.0760718749370426
2025-02-26 14:22:37,032 - Time taken to solve the CGSP: 2.7975098751485348
2025-02-26 14:22:37,062 - Time taken to solve the Row Generation DP: 0.01680658315308392
2025-02-26 14:22:37,065 - Time taken to solve the RGSP: 3.3318065106868744e-07
2025-02-26 14:22:37,579 - Time taken to solve the CG DP: 0.5133514159824699
2025-02-26 14:22:53,123 - Time taken to generate new constraints: 15.140153667191043
2025-02-26 14:23:09,755 - Time taken to generate new constraints: 16.309643124928698
2025-02-26 14:23:09,756 - Time taken to solve the RGSP: 32.17636629100889
2025-02-26 14:23:09,894 - Time taken to solve the CG DP: 0.13701725006103516
2025-02-26 14:23:25,742 - Time taken to generate new constraints: 15.416696750093251
2025-02-26 14:23:25,743 - Time taken to solve the RGSP: 15.84827774995938
2025-02-26 14:23:25,924 - Time taken to solve the CG DP: 0.18066012510098517
2025-02-26 14:23:41,724 - Time taken to generate new constraints: 15.326178791932762
2025-02-26 14:23:41,725 - Time taken to solve the RGSP: 15.79996316600591
2025-02-26 14:23:41,915 - Time taken to solve the CG DP: 0.1899097498971969
2025-02-26 14:23:57,477 - Time taken to generate new constraints: 15.064147291937843
2025-02-26 14:24:13,019 - Time taken to generate new constraints: 15.069131834199652
2025-02-26 14:24:13,020 - Time taken to solve the RGSP: 31.10434929188341
2025-02-26 14:24:13,210 - Time taken to solve the CG DP: 0.18986570788547397
2025-02-26 14:24:13,210 - Time taken to solve the CGSP: 96.1488304589875
2025-02-26 14:24:13,219 - Time taken to solve the Row Generation DP: 0.008020791923627257
2025-02-26 14:24:13,225 - Time taken to solve the RGSP: 8.33999365568161e-07
2025-02-26 14:24:13,718 - Time taken to solve the CG DP: 0.49203633377328515
2025-02-26 14:24:16,381 - Time taken to generate new constraints: 2.352154458174482
2025-02-26 14:24:19,028 - Time taken to generate new constraints: 2.337178874993697
2025-02-26 14:24:19,029 - Time taken to solve the RGSP: 5.3098220829851925
2025-02-26 14:24:19,248 - Time taken to solve the CG DP: 0.21861200011335313
2025-02-26 14:24:21,971 - Time taken to generate new constraints: 2.260436875047162
2025-02-26 14:24:24,867 - Time taken to generate new constraints: 2.437937832903117
2025-02-26 14:24:24,868 - Time taken to solve the RGSP: 5.619884999934584
2025-02-26 14:24:25,289 - Time taken to solve the CG DP: 0.42003966704942286
2025-02-26 14:24:28,170 - Time taken to generate new constraints: 2.246132707921788
2025-02-26 14:24:31,313 - Time taken to generate new constraints: 2.4733052500523627
2025-02-26 14:24:31,314 - Time taken to solve the RGSP: 6.023996124975383
2025-02-26 14:24:31,575 - Time taken to solve the CG DP: 0.2602192088961601
2025-02-26 14:24:34,520 - Time taken to generate new constraints: 2.2694630410987884
2025-02-26 14:24:37,424 - Time taken to generate new constraints: 2.2446762500330806
2025-02-26 14:24:37,425 - Time taken to solve the RGSP: 5.849148374982178
2025-02-26 14:24:37,731 - Time taken to solve the CG DP: 0.3060489580966532
2025-02-26 14:24:40,797 - Time taken to generate new constraints: 2.2524991671089083
2025-02-26 14:24:43,734 - Time taken to generate new constraints: 2.269656917080283
2025-02-26 14:24:43,734 - Time taken to solve the RGSP: 6.0016343330498785
2025-02-26 14:24:44,125 - Time taken to solve the CG DP: 0.39077466703020036
2025-02-26 14:24:47,052 - Time taken to generate new constraints: 2.2400787079241127
2025-02-26 14:24:49,976 - Time taken to generate new constraints: 2.2475452090147883
2025-02-26 14:24:49,976 - Time taken to solve the RGSP: 5.85000020894222
2025-02-26 14:24:50,361 - Time taken to solve the CG DP: 0.3850734999869019
2025-02-26 14:24:53,288 - Time taken to generate new constraints: 2.244035125011578
2025-02-26 14:24:56,218 - Time taken to generate new constraints: 2.2563826669938862
2025-02-26 14:24:56,218 - Time taken to solve the RGSP: 5.855874791042879
2025-02-26 14:24:56,623 - Time taken to solve the CG DP: 0.4045892918948084
2025-02-26 14:24:56,624 - Time taken to solve the CGSP: 43.40454033296555
2025-02-26 14:24:56,687 - Time taken to solve the Row Generation DP: 0.04390204092487693
2025-02-26 14:24:56,690 - Time taken to solve the RGSP: 4.998873919248581e-07
2025-02-26 14:24:57,095 - Time taken to solve the CG DP: 0.40451379120349884
2025-02-26 14:26:00,082 - Time taken to generate new constraints: 62.702774124918506
2025-02-26 14:26:00,083 - Time taken to solve the RGSP: 62.98743158299476
2025-02-26 14:26:00,352 - Time taken to solve the CG DP: 0.2685694999527186
2025-02-26 14:27:06,913 - Time taken to generate new constraints: 66.06688783294521
2025-02-26 14:27:06,914 - Time taken to solve the RGSP: 66.56133354105987
2025-02-26 14:27:07,084 - Time taken to solve the CG DP: 0.16932716616429389
2025-02-26 14:28:07,829 - Time taken to generate new constraints: 60.2257460411638
2025-02-26 14:28:07,829 - Time taken to solve the RGSP: 60.745214415946975
2025-02-26 14:28:08,003 - Time taken to solve the CG DP: 0.1734557501040399
2025-02-26 14:29:07,067 - Time taken to generate new constraints: 58.53703029197641
2025-02-26 14:29:07,067 - Time taken to solve the RGSP: 59.06381179112941
2025-02-26 14:29:07,276 - Time taken to solve the CG DP: 0.20765562495216727
2025-02-26 14:30:06,362 - Time taken to generate new constraints: 58.52332012495026
2025-02-26 14:30:06,363 - Time taken to solve the RGSP: 59.086774667026475
2025-02-26 14:30:06,538 - Time taken to solve the CG DP: 0.17470416682772338
2025-02-26 14:30:06,539 - Time taken to solve the CGSP: 309.8544471669011
2025-02-26 14:30:06,634 - Time taken to solve the Row Generation DP: 0.09169870894402266
2025-02-26 14:30:06,641 - Time taken to solve the RGSP: 4.5797787606716156e-07
2025-02-26 14:30:06,736 - Time taken to solve the CG DP: 0.09406975004822016
2025-02-26 14:30:06,895 - Time taken to solve the Row Generation DP: 0.029832832980901003
2025-02-26 14:30:06,899 - Time taken to solve the RGSP: 3.748573362827301e-07
2025-02-26 14:30:07,273 - Time taken to solve the CG DP: 0.37334849988110363
2025-02-26 14:30:47,963 - Time taken to generate new constraints: 40.4045202920679
2025-02-26 14:30:47,963 - Time taken to solve the RGSP: 40.68994125002064
2025-02-26 14:30:48,221 - Time taken to solve the CG DP: 0.25755058391951025
2025-02-26 14:31:26,558 - Time taken to generate new constraints: 37.87375699984841
2025-02-26 14:32:06,800 - Time taken to generate new constraints: 39.511606625048444
2025-02-26 14:32:06,801 - Time taken to solve the RGSP: 78.57882837508805
2025-02-26 14:32:06,982 - Time taken to solve the CG DP: 0.18057966604828835
2025-02-26 14:32:48,993 - Time taken to generate new constraints: 40.83561620814726
2025-02-26 14:33:28,122 - Time taken to generate new constraints: 38.63299833284691
2025-02-26 14:33:28,124 - Time taken to solve the RGSP: 81.14221262489446
2025-02-26 14:33:28,319 - Time taken to solve the CG DP: 0.19490908412262797
2025-02-26 14:34:08,839 - Time taken to generate new constraints: 40.00146762491204
2025-02-26 14:34:52,125 - Time taken to generate new constraints: 42.75945033389144
2025-02-26 14:34:52,127 - Time taken to solve the RGSP: 83.79713804181665
2025-02-26 14:34:52,303 - Time taken to solve the CG DP: 0.17623499990440905
2025-02-26 14:35:33,947 - Time taken to generate new constraints: 41.13654641713947
2025-02-26 14:36:10,463 - Time taken to generate new constraints: 35.99611737485975
2025-02-26 14:36:10,465 - Time taken to solve the RGSP: 78.16112620802596
2025-02-26 14:36:10,651 - Time taken to solve the CG DP: 0.18559970916248858
2025-02-26 14:36:53,344 - Time taken to generate new constraints: 42.15808687498793
2025-02-26 14:37:35,371 - Time taken to generate new constraints: 41.501265625003725
2025-02-26 14:37:35,372 - Time taken to solve the RGSP: 84.72060658317059
2025-02-26 14:37:35,547 - Time taken to solve the CG DP: 0.17264483403414488
2025-02-26 14:37:35,548 - Time taken to solve the CGSP: 448.64591545797884
2025-02-26 14:37:35,554 - Time taken to solve the Row Generation DP: 0.004557083826512098
2025-02-26 14:37:35,559 - Time taken to solve the RGSP: 3.7509016692638397e-07
2025-02-26 14:37:35,814 - Time taken to solve the CG DP: 0.25506995781324804
2025-02-26 14:37:37,038 - Time taken to generate new constraints: 1.0332184999715537
2025-02-26 14:37:38,262 - Time taken to generate new constraints: 1.0271176670212299
2025-02-26 14:37:38,262 - Time taken to solve the RGSP: 2.4468199161347
2025-02-26 14:37:38,423 - Time taken to solve the CG DP: 0.16133000003173947
2025-02-26 14:37:39,808 - Time taken to generate new constraints: 1.0868584159761667
2025-02-26 14:37:41,209 - Time taken to generate new constraints: 1.099898291984573
2025-02-26 14:37:41,210 - Time taken to solve the RGSP: 2.786445542005822
2025-02-26 14:37:41,338 - Time taken to solve the CG DP: 0.12665412505157292
2025-02-26 14:37:42,732 - Time taken to generate new constraints: 1.0453433750662953
2025-02-26 14:37:44,080 - Time taken to generate new constraints: 1.0364723750390112
2025-02-26 14:37:44,080 - Time taken to solve the RGSP: 2.742224874906242
2025-02-26 14:37:44,207 - Time taken to solve the CG DP: 0.12650337489321828
2025-02-26 14:37:44,208 - Time taken to solve the CGSP: 8.653660291107371
2025-02-26 14:37:44,244 - Time taken to solve the Row Generation DP: 0.013567375019192696
2025-02-26 14:37:44,248 - Time taken to solve the RGSP: 3.3294782042503357e-07
2025-02-26 14:37:44,478 - Time taken to solve the CG DP: 0.22985433391295373
2025-02-26 14:37:56,013 - Time taken to generate new constraints: 11.346005333820358
2025-02-26 14:37:56,014 - Time taken to solve the RGSP: 11.53588862507604
2025-02-26 14:37:56,170 - Time taken to solve the CG DP: 0.1550981248728931
2025-02-26 14:38:07,902 - Time taken to generate new constraints: 11.453888291027397
2025-02-26 14:38:07,903 - Time taken to solve the RGSP: 11.732705499976873
2025-02-26 14:38:08,019 - Time taken to solve the CG DP: 0.11578758293762803
2025-02-26 14:38:23,506 - Time taken to generate new constraints: 15.183941167080775
2025-02-26 14:38:23,507 - Time taken to solve the RGSP: 15.486999041866511
2025-02-26 14:38:23,618 - Time taken to solve the CG DP: 0.11070145899429917
2025-02-26 14:38:36,135 - Time taken to generate new constraints: 12.194434124976397
2025-02-26 14:38:36,136 - Time taken to solve the RGSP: 12.516899583861232
2025-02-26 14:38:36,247 - Time taken to solve the CG DP: 0.11095483298413455
2025-02-26 14:38:53,034 - Time taken to generate new constraints: 16.473269916838035
2025-02-26 14:38:53,035 - Time taken to solve the RGSP: 16.786994041176513
2025-02-26 14:38:53,157 - Time taken to solve the CG DP: 0.12132899998687208
2025-02-26 14:39:06,046 - Time taken to generate new constraints: 12.522720125038177
2025-02-26 14:39:06,048 - Time taken to solve the RGSP: 12.889937875093892
2025-02-26 14:39:06,169 - Time taken to solve the CG DP: 0.1205062079243362
2025-02-26 14:39:06,169 - Time taken to solve the CGSP: 81.92543191718869
2025-02-26 14:39:06,189 - Time taken to solve the Row Generation DP: 0.01804658304899931
2025-02-26 14:39:06,196 - Time taken to solve the RGSP: 4.1583552956581116e-07
2025-02-26 14:39:06,432 - Time taken to solve the CG DP: 0.23619675007648766
2025-02-26 14:39:19,406 - Time taken to generate new constraints: 12.814997666981071
2025-02-26 14:39:33,366 - Time taken to generate new constraints: 13.763294333126396
2025-02-26 14:39:33,367 - Time taken to solve the RGSP: 26.93363537499681
2025-02-26 14:39:33,461 - Time taken to solve the CG DP: 0.09397704084403813
2025-02-26 14:39:45,745 - Time taken to generate new constraints: 12.020423291949555
2025-02-26 14:39:45,745 - Time taken to solve the RGSP: 12.283868792001158
2025-02-26 14:39:45,835 - Time taken to solve the CG DP: 0.08893687487579882
2025-02-26 14:40:00,401 - Time taken to generate new constraints: 14.329223582986742
2025-02-26 14:40:13,603 - Time taken to generate new constraints: 12.930505082942545
2025-02-26 14:40:13,604 - Time taken to solve the RGSP: 27.768559666816145
2025-02-26 14:40:13,696 - Time taken to solve the CG DP: 0.09182420908473432
2025-02-26 14:40:13,697 - Time taken to solve the CGSP: 67.50753733399324
2025-02-26 14:40:13,814 - Time taken to solve the Row Generation DP: 0.08919445797801018
2025-02-26 14:40:13,817 - Time taken to solve the RGSP: 4.169996827840805e-07
2025-02-26 14:40:14,378 - Time taken to solve the CG DP: 0.5597418751567602
2025-02-26 14:41:39,461 - Time taken to generate new constraints: 84.7315995420795
2025-02-26 14:43:09,743 - Time taken to generate new constraints: 88.92679695901461
2025-02-26 14:43:09,744 - Time taken to solve the RGSP: 175.36604904104024
2025-02-26 14:43:09,960 - Time taken to solve the CG DP: 0.21544141601771116
2025-02-26 14:44:33,414 - Time taken to generate new constraints: 82.94938058406115
2025-02-26 14:44:33,417 - Time taken to solve the RGSP: 83.45676854206249
2025-02-26 14:44:33,766 - Time taken to solve the CG DP: 0.3479180841241032
2025-02-26 14:46:01,251 - Time taken to generate new constraints: 86.93204041710123
2025-02-26 14:46:01,256 - Time taken to solve the RGSP: 87.4894643749576
2025-02-26 14:46:01,454 - Time taken to solve the CG DP: 0.19613375002518296
2025-02-26 14:47:24,939 - Time taken to generate new constraints: 82.8824787910562
2025-02-26 14:47:24,940 - Time taken to solve the RGSP: 83.48557941592298
2025-02-26 14:47:25,145 - Time taken to solve the CG DP: 0.20437920885160565
2025-02-26 14:48:53,991 - Time taken to generate new constraints: 87.9916566668544
2025-02-26 14:48:53,992 - Time taken to solve the RGSP: 88.84649141714908
2025-02-26 14:48:54,200 - Time taken to solve the CG DP: 0.2069631670601666
2025-02-26 14:48:54,201 - Time taken to solve the CGSP: 520.389469916001
2025-02-26 14:48:54,207 - Time taken to solve the Row Generation DP: 0.0028210419695824385
2025-02-26 14:48:54,214 - Time taken to solve the RGSP: 5.420297384262085e-07
2025-02-26 14:48:54,844 - Time taken to solve the CG DP: 0.6291522909887135
2025-02-26 14:48:55,955 - Time taken to generate new constraints: 0.8005987498909235
2025-02-26 14:48:55,955 - Time taken to solve the RGSP: 1.1091018340084702
2025-02-26 14:48:56,094 - Time taken to solve the CG DP: 0.1390447081066668
2025-02-26 14:48:57,542 - Time taken to generate new constraints: 0.5341922920197248
2025-02-26 14:48:57,542 - Time taken to solve the RGSP: 1.4470529169775546
2025-02-26 14:48:57,686 - Time taken to solve the CG DP: 0.1429705829359591
2025-02-26 14:48:58,584 - Time taken to generate new constraints: 0.5242529578972608
2025-02-26 14:48:58,584 - Time taken to solve the RGSP: 0.8976754590403289
2025-02-26 14:48:58,727 - Time taken to solve the CG DP: 0.14291974995285273
2025-02-26 14:48:58,728 - Time taken to solve the CGSP: 4.520432332996279
2025-02-26 14:48:58,764 - Time taken to solve the Row Generation DP: 0.00096287508495152
2025-02-26 14:48:58,768 - Time taken to solve the RGSP: 4.5797787606716156e-07
2025-02-26 14:48:59,407 - Time taken to solve the CG DP: 0.6390157919377089
2025-02-26 14:48:59,851 - Time taken to generate new constraints: 0.10328591684810817
2025-02-26 14:48:59,851 - Time taken to solve the RGSP: 0.4422481250949204
2025-02-26 14:49:00,034 - Time taken to solve the CG DP: 0.18212970811873674
2025-02-26 14:49:00,571 - Time taken to generate new constraints: 0.10287775006145239
2025-02-26 14:49:00,571 - Time taken to solve the RGSP: 0.5364863751456141
2025-02-26 14:49:00,758 - Time taken to solve the CG DP: 0.18691720813512802
2025-02-26 14:49:01,380 - Time taken to generate new constraints: 0.10999891720712185
2025-02-26 14:49:01,380 - Time taken to solve the RGSP: 0.6217005830258131
2025-02-26 14:49:01,662 - Time taken to solve the CG DP: 0.2806819579564035
2025-02-26 14:49:02,246 - Time taken to generate new constraints: 0.10449108388274908
2025-02-26 14:49:02,246 - Time taken to solve the RGSP: 0.5836879170965403
2025-02-26 14:49:02,432 - Time taken to solve the CG DP: 0.1858669170178473
2025-02-26 14:49:02,433 - Time taken to solve the CGSP: 3.6683170408941805
2025-02-26 14:49:02,453 - Time taken to solve the Row Generation DP: 0.019524958916008472
2025-02-26 14:49:02,457 - Time taken to solve the RGSP: 2.919696271419525e-07
2025-02-26 14:49:02,509 - Time taken to solve the CG DP: 0.05227199988439679
2025-02-26 14:49:02,597 - Time taken to solve the Row Generation DP: 0.0009259588550776243
2025-02-26 14:49:02,601 - Time taken to solve the RGSP: 3.7509016692638397e-07
2025-02-26 14:49:03,122 - Time taken to solve the CG DP: 0.5212368341162801
2025-02-26 14:49:03,542 - Time taken to generate new constraints: 0.10241633420810103
2025-02-26 14:49:03,542 - Time taken to solve the RGSP: 0.41900325007736683
2025-02-26 14:49:03,725 - Time taken to solve the CG DP: 0.18221616698428988
2025-02-26 14:49:04,361 - Time taken to generate new constraints: 0.10431566694751382
2025-02-26 14:49:04,361 - Time taken to solve the RGSP: 0.6357723749242723
2025-02-26 14:49:05,028 - Time taken to solve the CG DP: 0.6659669170621783
2025-02-26 14:49:07,688 - Time taken to generate new constraints: 0.2500158748589456
2025-02-26 14:49:07,689 - Time taken to solve the RGSP: 2.6571595000568777
2025-02-26 14:49:07,949 - Time taken to solve the CG DP: 0.2597300831694156
2025-02-26 14:49:08,485 - Time taken to generate new constraints: 0.09746016608551145
2025-02-26 14:49:08,485 - Time taken to solve the RGSP: 0.5349542500916868
2025-02-26 14:49:08,671 - Time taken to solve the CG DP: 0.18577599991112947
2025-02-26 14:49:09,292 - Time taken to generate new constraints: 0.11884966609068215
2025-02-26 14:49:09,292 - Time taken to solve the RGSP: 0.6206517920363694
2025-02-26 14:49:09,676 - Time taken to solve the CG DP: 0.3837434998713434
2025-02-26 14:49:09,677 - Time taken to solve the CGSP: 7.079069459112361
2025-02-26 14:49:09,714 - Time taken to solve the Row Generation DP: 0.03638375014998019
2025-02-26 14:49:09,719 - Time taken to solve the RGSP: 4.5797787606716156e-07
2025-02-26 14:49:10,005 - Time taken to solve the CG DP: 0.2848274589050561
2025-02-26 14:49:42,727 - Time taken to generate new constraints: 32.51039441721514
2025-02-26 14:50:07,886 - Time taken to generate new constraints: 24.93438950018026
2025-02-26 14:50:07,886 - Time taken to solve the RGSP: 57.88133749994449
2025-02-26 14:50:07,998 - Time taken to solve the CG DP: 0.1113763339817524
2025-02-26 14:50:37,922 - Time taken to generate new constraints: 29.596158958040178
2025-02-26 14:50:37,923 - Time taken to solve the RGSP: 29.924200083129108
2025-02-26 14:50:38,020 - Time taken to solve the CG DP: 0.09676362504251301
2025-02-26 14:51:06,920 - Time taken to generate new constraints: 28.575864750193432
2025-02-26 14:51:06,921 - Time taken to solve the RGSP: 28.90021004108712
2025-02-26 14:51:07,021 - Time taken to solve the CG DP: 0.09949458297342062
2025-02-26 14:51:33,059 - Time taken to generate new constraints: 25.71206170786172
2025-02-26 14:51:33,060 - Time taken to solve the RGSP: 26.03844074998051
2025-02-26 14:51:33,157 - Time taken to solve the CG DP: 0.09603758389130235
2025-02-26 14:52:04,214 - Time taken to generate new constraints: 30.737907125148922
2025-02-26 14:52:04,215 - Time taken to solve the RGSP: 31.05770808411762
2025-02-26 14:52:04,324 - Time taken to solve the CG DP: 0.10830337484367192
2025-02-26 14:52:04,324 - Time taken to solve the CGSP: 174.61091520800255
2025-02-26 14:52:04,360 - Time taken to solve the Row Generation DP: 0.01855554198846221
2025-02-26 14:52:04,365 - Time taken to solve the RGSP: 2.922024577856064e-07
2025-02-26 14:52:05,494 - Time taken to solve the CG DP: 1.1265120829921216
2025-02-26 14:52:22,851 - Time taken to generate new constraints: 17.01985479099676
2025-02-26 14:52:22,852 - Time taken to solve the RGSP: 17.353746166918427
2025-02-26 14:52:23,040 - Time taken to solve the CG DP: 0.18754212511703372
2025-02-26 14:52:41,236 - Time taken to generate new constraints: 17.743154041003436
2025-02-26 14:52:41,238 - Time taken to solve the RGSP: 18.19684245903045
2025-02-26 14:52:41,495 - Time taken to solve the CG DP: 0.2569473749026656
2025-02-26 14:53:00,733 - Time taken to generate new constraints: 18.763204124988988
2025-02-26 14:53:00,734 - Time taken to solve the RGSP: 19.238476959057152
2025-02-26 14:53:00,930 - Time taken to solve the CG DP: 0.1951954171527177
2025-02-26 14:53:19,614 - Time taken to generate new constraints: 18.216731583932415
2025-02-26 14:53:19,615 - Time taken to solve the RGSP: 18.684142709011212
2025-02-26 14:53:19,833 - Time taken to solve the CG DP: 0.217601666925475
2025-02-26 14:53:19,834 - Time taken to solve the CGSP: 75.47363899997436
2025-02-26 14:53:19,901 - Time taken to solve the Row Generation DP: 0.06463504186831415
2025-02-26 14:53:19,908 - Time taken to solve the RGSP: 6.670597940683365e-07
2025-02-26 14:53:19,933 - Time taken to solve the CG DP: 0.02462450019083917
2025-02-26 14:53:20,109 - Time taken to solve the Row Generation DP: 0.10433616605587304
2025-02-26 14:53:20,113 - Time taken to solve the RGSP: 4.1606836020946503e-07
2025-02-26 14:53:21,032 - Time taken to solve the CG DP: 0.918225625064224
2025-02-26 14:54:42,266 - Time taken to generate new constraints: 80.13191158301197
2025-02-26 14:54:42,267 - Time taken to solve the RGSP: 81.23388045909815
2025-02-26 14:54:42,443 - Time taken to solve the CG DP: 0.1742607499472797
2025-02-26 14:55:56,771 - Time taken to generate new constraints: 73.78303108317778
2025-02-26 14:57:01,554 - Time taken to generate new constraints: 64.33939249999821
2025-02-26 14:57:01,556 - Time taken to solve the RGSP: 139.1135245419573
2025-02-26 14:57:01,757 - Time taken to solve the CG DP: 0.19966141693294048
2025-02-26 14:58:17,375 - Time taken to generate new constraints: 75.13677749992348
2025-02-26 14:59:27,703 - Time taken to generate new constraints: 69.42083858279511
2025-02-26 14:59:27,704 - Time taken to solve the RGSP: 145.94696729187854
2025-02-26 14:59:27,917 - Time taken to solve the CG DP: 0.21234633307904005
2025-02-26 15:01:01,260 - Time taken to generate new constraints: 92.8502096249722
2025-02-26 15:01:01,263 - Time taken to solve the RGSP: 93.34541504201479
2025-02-26 15:01:01,464 - Time taken to solve the CG DP: 0.1997458329424262
2025-02-26 15:01:01,464 - Time taken to solve the CGSP: 461.3572505831253
2025-02-26 15:01:01,570 - Time taken to solve the Row Generation DP: 0.10248999996110797
2025-02-26 15:01:01,576 - Time taken to solve the RGSP: 3.341119736433029e-07
2025-02-26 15:01:02,078 - Time taken to solve the CG DP: 0.5019660419784486
2025-02-26 15:01:46,536 - Time taken to generate new constraints: 44.14977287501097
2025-02-26 15:01:46,538 - Time taken to solve the RGSP: 44.458510583033785
2025-02-26 15:01:46,711 - Time taken to solve the CG DP: 0.17285983311012387
2025-02-26 15:02:34,343 - Time taken to generate new constraints: 47.0796633339487
2025-02-26 15:02:34,344 - Time taken to solve the RGSP: 47.630724374903366
2025-02-26 15:02:34,582 - Time taken to solve the CG DP: 0.23727308283559978
2025-02-26 15:03:29,550 - Time taken to generate new constraints: 54.44152754195966
2025-02-26 15:03:29,551 - Time taken to solve the RGSP: 54.962905374821275
2025-02-26 15:03:29,727 - Time taken to solve the CG DP: 0.17512445896863937
2025-02-26 15:04:12,125 - Time taken to generate new constraints: 41.865758165949956
2025-02-26 15:04:12,127 - Time taken to solve the RGSP: 42.39908104110509
2025-02-26 15:04:12,319 - Time taken to solve the CG DP: 0.191748125012964
2025-02-26 15:04:12,319 - Time taken to solve the CGSP: 190.74249645904638
